Log file open, 11/05/20 11:53:40
LogInit: Display: Running engine for game: GAME2020_Final
LogPlatformFile: Not using cached read wrapper
LogTaskGraph: Started task graph with 5 named threads and 23 total threads with 3 sets of task threads.
LogStats: Stats thread started at 0.226879
LogD3D11RHI: Loaded GFSDK_Aftermath_Lib.x64.dll
LogICUInternationalization: ICU TimeZone Detection - Raw Offset: -5:00, Platform Override: ''
LogPluginManager: Mounting plugin Paper2D
LogPluginManager: Mounting plugin AISupport
LogPluginManager: Mounting plugin LightPropagationVolume
LogPluginManager: Mounting plugin CameraShakePreviewer
LogPluginManager: Mounting plugin ActorLayerUtilities
LogPluginManager: Mounting plugin AnimationSharing
LogPluginManager: Mounting plugin CLionSourceCodeAccess
LogPluginManager: Mounting plugin CodeLiteSourceCodeAccess
LogPluginManager: Mounting plugin GitSourceControl
LogPluginManager: Mounting plugin KDevelopSourceCodeAccess
LogPluginManager: Mounting plugin NullSourceCodeAccess
LogPluginManager: Mounting plugin PerforceSourceControl
LogPluginManager: Mounting plugin PlasticSourceControl
LogPluginManager: Mounting plugin RiderSourceCodeAccess
LogPluginManager: Mounting plugin SubversionSourceControl
LogPluginManager: Mounting plugin UObjectPlugin
LogPluginManager: Mounting plugin VisualStudioCodeSourceCodeAccess
LogPluginManager: Mounting plugin VisualStudioSourceCodeAccess
LogPluginManager: Mounting plugin XCodeSourceCodeAccess
LogPluginManager: Mounting plugin AssetManagerEditor
LogPluginManager: Mounting plugin CryptoKeys
LogPluginManager: Mounting plugin CurveEditorTools
LogPluginManager: Mounting plugin DataValidation
LogPluginManager: Mounting plugin EditorScriptingUtilities
LogPluginManager: Mounting plugin FacialAnimation
LogPluginManager: Mounting plugin GameplayTagsEditor
LogPluginManager: Mounting plugin GeometryMode
LogPluginManager: Mounting plugin MacGraphicsSwitching
LogPluginManager: Mounting plugin MaterialAnalyzer
LogPluginManager: Mounting plugin MobileLauncherProfileWizard
LogPluginManager: Mounting plugin PluginBrowser
LogPluginManager: Mounting plugin SpeedTreeImporter
LogPluginManager: Mounting plugin DatasmithContent
LogPluginManager: Mounting plugin VariantManagerContent
LogPluginManager: Mounting plugin AlembicImporter
LogPluginManager: Mounting plugin AutomationUtils
LogPluginManager: Mounting plugin BackChannel
LogPluginManager: Mounting plugin ChaosCloth
LogPluginManager: Mounting plugin ChaosClothEditor
LogPluginManager: Mounting plugin ChaosEditor
LogPluginManager: Mounting plugin ChaosNiagara
LogPluginManager: Mounting plugin ChaosSolverPlugin
LogPluginManager: Mounting plugin CharacterAI
LogPluginManager: Mounting plugin GeometryCache
LogPluginManager: Mounting plugin GeometryCollectionPlugin
LogPluginManager: Mounting plugin GeometryProcessing
LogPluginManager: Mounting plugin PlanarCut
LogPluginManager: Mounting plugin PlatformCrypto
LogPluginManager: Mounting plugin ProxyLODPlugin
LogPluginManager: Mounting plugin SkeletalReduction
LogPluginManager: Mounting plugin Niagara
LogPluginManager: Mounting plugin MagicLeap
LogPluginManager: Mounting plugin MagicLeapLightEstimation
LogPluginManager: Mounting plugin MagicLeapMedia
LogPluginManager: Mounting plugin MagicLeapPassableWorld
LogPluginManager: Mounting plugin MLSDK
LogPluginManager: Mounting plugin UIWS
LogPluginManager: Mounting plugin AndroidMedia
LogPluginManager: Mounting plugin AvfMedia
LogPluginManager: Mounting plugin ImgMedia
LogPluginManager: Mounting plugin MediaCompositing
LogPluginManager: Mounting plugin MediaPlayerEditor
LogPluginManager: Mounting plugin WebMMedia
LogPluginManager: Mounting plugin WmfMedia
LogPluginManager: Mounting plugin MeshPainting
LogPluginManager: Mounting plugin TcpMessaging
LogPluginManager: Mounting plugin UdpMessaging
LogPluginManager: Mounting plugin ActorSequence
LogPluginManager: Mounting plugin LevelSequenceEditor
LogPluginManager: Mounting plugin MatineeToLevelSequence
LogPluginManager: Mounting plugin MovieRenderPipeline
LogPluginManager: Mounting plugin TemplateSequence
LogPluginManager: Mounting plugin NetcodeUnitTest
LogPluginManager: Mounting plugin NUTUnrealEngine4
LogPluginManager: Mounting plugin OnlineSubsystemGooglePlay
LogPluginManager: Mounting plugin OnlineSubsystemIOS
LogPluginManager: Mounting plugin OnlineSubsystem
LogPluginManager: Mounting plugin OnlineSubsystemNull
LogPluginManager: Mounting plugin OnlineSubsystemUtils
LogPluginManager: Mounting plugin LauncherChunkInstaller
LogPluginManager: Mounting plugin AndroidDeviceProfileSelector
LogPluginManager: Mounting plugin AndroidMoviePlayer
LogPluginManager: Mounting plugin AndroidPermission
LogPluginManager: Mounting plugin AppleImageUtils
LogPluginManager: Mounting plugin AppleMoviePlayer
LogPluginManager: Mounting plugin ArchVisCharacter
LogPluginManager: Mounting plugin AssetTags
LogPluginManager: Mounting plugin AudioCapture
LogPluginManager: Mounting plugin CableComponent
LogPluginManager: Mounting plugin CustomMeshComponent
LogPluginManager: Mounting plugin EditableMesh
LogPluginManager: Mounting plugin ExampleDeviceProfileSelector
LogPluginManager: Mounting plugin GoogleCloudMessaging
LogPluginManager: Mounting plugin GooglePAD
LogPluginManager: Mounting plugin IOSDeviceProfileSelector
LogPluginManager: Mounting plugin LinuxDeviceProfileSelector
LogPluginManager: Mounting plugin LocationServicesBPLibrary
LogPluginManager: Mounting plugin MobilePatchingUtils
LogPluginManager: Mounting plugin OculusVR
LogPluginManager: Mounting plugin PhysXVehicles
LogPluginManager: Mounting plugin PostSplashScreen
LogPluginManager: Mounting plugin ProceduralMeshComponent
LogPluginManager: Mounting plugin RuntimePhysXCooking
LogPluginManager: Mounting plugin SignificanceManager
LogPluginManager: Mounting plugin SoundFields
LogPluginManager: Mounting plugin SteamVR
LogPluginManager: Mounting plugin Synthesis
LogPluginManager: Mounting plugin WebMMoviePlayer
LogPluginManager: Mounting plugin WindowsMoviePlayer
LogPluginManager: Mounting plugin ScreenshotTools
LogInit: Using libcurl 7.55.1-DEV
LogInit:  - built for x86_64-pc-win32
LogInit:  - supports SSL with OpenSSL/1.1.1
LogInit:  - supports HTTP deflate (compression) using libz 1.2.8
LogInit:  - other features:
LogInit:      CURL_VERSION_SSL
LogInit:      CURL_VERSION_LIBZ
LogInit:      CURL_VERSION_IPV6
LogInit:      CURL_VERSION_ASYNCHDNS
LogInit:      CURL_VERSION_LARGEFILE
LogInit:      CURL_VERSION_IDN
LogInit:  CurlRequestOptions (configurable via config and command line):
LogInit:  - bVerifyPeer = true  - Libcurl will verify peer certificate
LogInit:  - bUseHttpProxy = false  - Libcurl will NOT use HTTP proxy
LogInit:  - bDontReuseConnections = false  - Libcurl will reuse connections
LogInit:  - MaxHostConnections = 16  - Libcurl will limit the number of connections to a host
LogInit:  - LocalHostAddr = Default
LogInit:  - BufferSize = 65536
LogOnline: OSS: Creating online subsystem instance for: NULL
LogInit: WinSock: version 1.1 (2.2), MaxSocks=32767, MaxUdp=65467
LogOnline: OSS: TryLoadSubsystemAndSetDefault: Loaded subsystem for module [NULL]
LogInit: Build: ++UE4+Release-4.25-CL-14469661
LogInit: Engine Version: 4.25.4-14469661+++UE4+Release-4.25
LogInit: Compatible Engine Version: 4.25.0-13144385+++UE4+Release-4.25
LogInit: Net CL: 13144385
LogInit: OS: Windows 10 (Release 1909) (), CPU: Intel(R) Core(TM) i5-9300H CPU @ 2.40GHz, GPU: Intel(R) UHD Graphics 630
LogInit: Compiled (64-bit): Oct 11 2020 08:10:49
LogInit: Compiled with Visual C++: 19.24.28315.00
LogInit: Build Configuration: Development
LogInit: Branch Name: ++UE4+Release-4.25
LogInit: Command Line: 
LogInit: Base Directory: C:/Program Files/Epic Games/UE_4.25/Engine/Binaries/Win64/
LogInit: Allocator: TBB
LogInit: Installed Engine Build: 1
LogDevObjectVersion: Number of dev versions registered: 26
LogDevObjectVersion:   Dev-Blueprints (B0D832E4-1F89-4F0D-ACCF-7EB736FD4AA2): 10
LogDevObjectVersion:   Dev-Build (E1C64328-A22C-4D53-A36C-8E866417BD8C): 0
LogDevObjectVersion:   Dev-Core (375EC13C-06E4-48FB-B500-84F0262A717E): 4
LogDevObjectVersion:   Dev-Editor (E4B068ED-F494-42E9-A231-DA0B2E46BB41): 38
LogDevObjectVersion:   Dev-Framework (CFFC743F-43B0-4480-9391-14DF171D2073): 37
LogDevObjectVersion:   Dev-Mobile (B02B49B5-BB20-44E9-A304-32B752E40360): 2
LogDevObjectVersion:   Dev-Networking (A4E4105C-59A1-49B5-A7C5-40C4547EDFEE): 0
LogDevObjectVersion:   Dev-Online (39C831C9-5AE6-47DC-9A44-9C173E1C8E7C): 0
LogDevObjectVersion:   Dev-Physics (78F01B33-EBEA-4F98-B9B4-84EACCB95AA2): 4
LogDevObjectVersion:   Dev-Platform (6631380F-2D4D-43E0-8009-CF276956A95A): 0
LogDevObjectVersion:   Dev-Rendering (12F88B9F-8875-4AFC-A67C-D90C383ABD29): 43
LogDevObjectVersion:   Dev-Sequencer (7B5AE74C-D270-4C10-A958-57980B212A5A): 12
LogDevObjectVersion:   Dev-VR (D7296918-1DD6-4BDD-9DE2-64A83CC13884): 3
LogDevObjectVersion:   Dev-LoadTimes (C2A15278-BFE7-4AFE-6C17-90FF531DF755): 1
LogDevObjectVersion:   Private-Geometry (6EACA3D4-40EC-4CC1-B786-8BED09428FC5): 3
LogDevObjectVersion:   Dev-AnimPhys (29E575DD-E0A3-4627-9D10-D276232CDCEA): 17
LogDevObjectVersion:   Dev-Anim (AF43A65D-7FD3-4947-9873-3E8ED9C1BB05): 7
LogDevObjectVersion:   Dev-ReflectionCapture (6B266CEC-1EC7-4B8F-A30B-E4D90942FC07): 1
LogDevObjectVersion:   Dev-Automation (0DF73D61-A23F-47EA-B727-89E90C41499A): 1
LogDevObjectVersion:   FortniteMain (601D1886-AC64-4F84-AA16-D3DE0DEAC7D6): 31
LogDevObjectVersion:   Dev-Enterprise (9DFFBCD6-494F-0158-E221-12823C92A888): 10
LogDevObjectVersion:   Dev-Niagara (F2AED0AC-9AFE-416F-8664-AA7FFA26D6FC): 1
LogDevObjectVersion:   Dev-Destruction (174F1F0B-B4C6-45A5-B13F-2EE8D0FB917D): 10
LogDevObjectVersion:   Dev-Physics-Ext (35F94A83-E258-406C-A318-09F59610247C): 37
LogDevObjectVersion:   Dev-PhysicsMaterial-Chaos (B68FC16E-8B1B-42E2-B453-215C058844FE): 1
LogDevObjectVersion:   Dev-CineCamera (B2E18506-4273-CFC2-A54E-F4BB758BBA07): 1
LogInit: Presizing for max 25165824 objects, including 0 objects not considered by GC, pre-allocating 0 bytes for permanent pool.
LogConfig: Applying CVar settings from Section [/Script/Engine.StreamingSettings] File [C:/Users/Raquel/Documents/GitHub/Sugar-Rush/GAME2020_Final/Saved/Config/Windows/Engine.ini]
LogConfig: Setting CVar [[s.MinBulkDataSizeForAsyncLoading:131072]]
LogConfig: Setting CVar [[s.AsyncLoadingThreadEnabled:0]]
LogConfig: Setting CVar [[s.EventDrivenLoaderEnabled:1]]
LogConfig: Setting CVar [[s.WarnIfTimeLimitExceeded:0]]
LogConfig: Setting CVar [[s.TimeLimitExceededMultiplier:1.5]]
LogConfig: Setting CVar [[s.TimeLimitExceededMinTime:0.005]]
LogConfig: Setting CVar [[s.UseBackgroundLevelStreaming:1]]
LogConfig: Setting CVar [[s.PriorityAsyncLoadingExtraTime:15.0]]
LogConfig: Setting CVar [[s.LevelStreamingActorsUpdateTimeLimit:5.0]]
LogConfig: Setting CVar [[s.PriorityLevelStreamingActorsUpdateExtraTime:5.0]]
LogConfig: Setting CVar [[s.LevelStreamingComponentsRegistrationGranularity:10]]
LogConfig: Setting CVar [[s.UnregisterComponentsTimeLimit:1.0]]
LogConfig: Setting CVar [[s.LevelStreamingComponentsUnregistrationGranularity:5]]
LogConfig: Setting CVar [[s.FlushStreamingOnExit:1]]
LogInit: Object subsystem initialized
LogConfig: Setting CVar [[con.DebugEarlyDefault:1]]
LogConfig: Setting CVar [[r.setres:1280x720]]
[2020.11.05-16.53.41:547][  0]LogConfig: Setting CVar [[r.VSync:0]]
[2020.11.05-16.53.41:547][  0]LogConfig: Setting CVar [[r.RHICmdBypass:0]]
[2020.11.05-16.53.41:548][  0]LogConfig: Applying CVar settings from Section [/Script/Engine.RendererSettings] File [C:/Users/Raquel/Documents/GitHub/Sugar-Rush/GAME2020_Final/Saved/Config/Windows/Engine.ini]
[2020.11.05-16.53.41:548][  0]LogConfig: Setting CVar [[r.GPUCrashDebugging:0]]
[2020.11.05-16.53.41:548][  0]LogConfig: Applying CVar settings from Section [/Script/Engine.RendererOverrideSettings] File [C:/Users/Raquel/Documents/GitHub/Sugar-Rush/GAME2020_Final/Saved/Config/Windows/Engine.ini]
[2020.11.05-16.53.41:548][  0]LogConfig: Applying CVar settings from Section [/Script/Engine.StreamingSettings] File [C:/Users/Raquel/Documents/GitHub/Sugar-Rush/GAME2020_Final/Saved/Config/Windows/Engine.ini]
[2020.11.05-16.53.41:548][  0]LogConfig: Setting CVar [[s.MinBulkDataSizeForAsyncLoading:131072]]
[2020.11.05-16.53.41:548][  0]LogConfig: Setting CVar [[s.AsyncLoadingThreadEnabled:0]]
[2020.11.05-16.53.41:548][  0]LogConfig: Setting CVar [[s.EventDrivenLoaderEnabled:1]]
[2020.11.05-16.53.41:548][  0]LogConfig: Setting CVar [[s.WarnIfTimeLimitExceeded:0]]
[2020.11.05-16.53.41:548][  0]LogConfig: Setting CVar [[s.TimeLimitExceededMultiplier:1.5]]
[2020.11.05-16.53.41:548][  0]LogConfig: Setting CVar [[s.TimeLimitExceededMinTime:0.005]]
[2020.11.05-16.53.41:548][  0]LogConfig: Setting CVar [[s.UseBackgroundLevelStreaming:1]]
[2020.11.05-16.53.41:548][  0]LogConfig: Setting CVar [[s.PriorityAsyncLoadingExtraTime:15.0]]
[2020.11.05-16.53.41:548][  0]LogConfig: Setting CVar [[s.LevelStreamingActorsUpdateTimeLimit:5.0]]
[2020.11.05-16.53.41:548][  0]LogConfig: Setting CVar [[s.PriorityLevelStreamingActorsUpdateExtraTime:5.0]]
[2020.11.05-16.53.41:548][  0]LogConfig: Setting CVar [[s.LevelStreamingComponentsRegistrationGranularity:10]]
[2020.11.05-16.53.41:548][  0]LogConfig: Setting CVar [[s.UnregisterComponentsTimeLimit:1.0]]
[2020.11.05-16.53.41:548][  0]LogConfig: Setting CVar [[s.LevelStreamingComponentsUnregistrationGranularity:5]]
[2020.11.05-16.53.41:548][  0]LogConfig: Setting CVar [[s.FlushStreamingOnExit:1]]
[2020.11.05-16.53.41:548][  0]LogConfig: Applying CVar settings from Section [/Script/Engine.GarbageCollectionSettings] File [C:/Users/Raquel/Documents/GitHub/Sugar-Rush/GAME2020_Final/Saved/Config/Windows/Engine.ini]
[2020.11.05-16.53.41:548][  0]LogConfig: Setting CVar [[gc.MaxObjectsNotConsideredByGC:1]]
[2020.11.05-16.53.41:548][  0]LogConfig: Setting CVar [[gc.SizeOfPermanentObjectPool:0]]
[2020.11.05-16.53.41:549][  0]LogConfig: Setting CVar [[gc.FlushStreamingOnGC:0]]
[2020.11.05-16.53.41:549][  0]LogConfig: Setting CVar [[gc.NumRetriesBeforeForcingGC:10]]
[2020.11.05-16.53.41:549][  0]LogConfig: Setting CVar [[gc.AllowParallelGC:1]]
[2020.11.05-16.53.41:549][  0]LogConfig: Setting CVar [[gc.TimeBetweenPurgingPendingKillObjects:61.1]]
[2020.11.05-16.53.41:549][  0]LogConfig: Setting CVar [[gc.MaxObjectsInEditor:25165824]]
[2020.11.05-16.53.41:549][  0]LogConfig: Setting CVar [[gc.IncrementalBeginDestroyEnabled:1]]
[2020.11.05-16.53.41:549][  0]LogConfig: Setting CVar [[gc.CreateGCClusters:1]]
[2020.11.05-16.53.41:549][  0]LogConfig: Setting CVar [[gc.MinGCClusterSize:5]]
[2020.11.05-16.53.41:549][  0]LogConfig: Setting CVar [[gc.ActorClusteringEnabled:0]]
[2020.11.05-16.53.41:549][  0]LogConfig: Setting CVar [[gc.BlueprintClusteringEnabled:0]]
[2020.11.05-16.53.41:549][  0]LogConfig: Setting CVar [[gc.UseDisregardForGCOnDedicatedServers:0]]
[2020.11.05-16.53.41:549][  0]LogConfig: Applying CVar settings from Section [/Script/Engine.NetworkSettings] File [C:/Users/Raquel/Documents/GitHub/Sugar-Rush/GAME2020_Final/Saved/Config/Windows/Engine.ini]
[2020.11.05-16.53.41:549][  0]LogConfig: Applying CVar settings from Section [/Script/UnrealEd.CookerSettings] File [C:/Users/Raquel/Documents/GitHub/Sugar-Rush/GAME2020_Final/Saved/Config/Windows/Engine.ini]
[2020.11.05-16.53.41:554][  0]LogConfig: Applying CVar settings from Section [ViewDistanceQuality@3] File [C:/Users/Raquel/Documents/GitHub/Sugar-Rush/GAME2020_Final/Saved/Config/Windows/Scalability.ini]
[2020.11.05-16.53.41:554][  0]LogConfig: Setting CVar [[r.SkeletalMeshLODBias:0]]
[2020.11.05-16.53.41:554][  0]LogConfig: Setting CVar [[r.ViewDistanceScale:1.0]]
[2020.11.05-16.53.41:554][  0]LogConfig: Applying CVar settings from Section [AntiAliasingQuality@3] File [C:/Users/Raquel/Documents/GitHub/Sugar-Rush/GAME2020_Final/Saved/Config/Windows/Scalability.ini]
[2020.11.05-16.53.41:554][  0]LogConfig: Setting CVar [[r.PostProcessAAQuality:4]]
[2020.11.05-16.53.41:554][  0]LogConfig: Applying CVar settings from Section [ShadowQuality@3] File [C:/Users/Raquel/Documents/GitHub/Sugar-Rush/GAME2020_Final/Saved/Config/Windows/Scalability.ini]
[2020.11.05-16.53.41:554][  0]LogConfig: Setting CVar [[r.LightFunctionQuality:1]]
[2020.11.05-16.53.41:554][  0]LogConfig: Setting CVar [[r.ShadowQuality:5]]
[2020.11.05-16.53.41:554][  0]LogConfig: Setting CVar [[r.Shadow.CSM.MaxCascades:10]]
[2020.11.05-16.53.41:554][  0]LogConfig: Setting CVar [[r.Shadow.MaxResolution:2048]]
[2020.11.05-16.53.41:554][  0]LogConfig: Setting CVar [[r.Shadow.MaxCSMResolution:2048]]
[2020.11.05-16.53.41:554][  0]LogConfig: Setting CVar [[r.Shadow.RadiusThreshold:0.01]]
[2020.11.05-16.53.41:554][  0]LogConfig: Setting CVar [[r.Shadow.DistanceScale:1.0]]
[2020.11.05-16.53.41:554][  0]LogConfig: Setting CVar [[r.Shadow.CSM.TransitionScale:1.0]]
[2020.11.05-16.53.41:554][  0]LogConfig: Setting CVar [[r.Shadow.PreShadowResolutionFactor:1.0]]
[2020.11.05-16.53.41:554][  0]LogConfig: Setting CVar [[r.DistanceFieldShadowing:1]]
[2020.11.05-16.53.41:554][  0]LogConfig: Setting CVar [[r.DistanceFieldAO:1]]
[2020.11.05-16.53.41:554][  0]LogConfig: Setting CVar [[r.AOQuality:2]]
[2020.11.05-16.53.41:554][  0]LogConfig: Setting CVar [[r.VolumetricFog:1]]
[2020.11.05-16.53.41:554][  0]LogConfig: Setting CVar [[r.VolumetricFog.GridPixelSize:8]]
[2020.11.05-16.53.41:554][  0]LogConfig: Setting CVar [[r.VolumetricFog.GridSizeZ:128]]
[2020.11.05-16.53.41:554][  0]LogConfig: Setting CVar [[r.VolumetricFog.HistoryMissSupersampleCount:4]]
[2020.11.05-16.53.41:554][  0]LogConfig: Setting CVar [[r.LightMaxDrawDistanceScale:1]]
[2020.11.05-16.53.41:554][  0]LogConfig: Setting CVar [[r.CapsuleShadows:1]]
[2020.11.05-16.53.41:554][  0]LogConfig: Applying CVar settings from Section [PostProcessQuality@3] File [C:/Users/Raquel/Documents/GitHub/Sugar-Rush/GAME2020_Final/Saved/Config/Windows/Scalability.ini]
[2020.11.05-16.53.41:554][  0]LogConfig: Setting CVar [[r.MotionBlurQuality:4]]
[2020.11.05-16.53.41:554][  0]LogConfig: Setting CVar [[r.AmbientOcclusionMipLevelFactor:0.4]]
[2020.11.05-16.53.41:554][  0]LogConfig: Setting CVar [[r.AmbientOcclusionMaxQuality:100]]
[2020.11.05-16.53.41:554][  0]LogConfig: Setting CVar [[r.AmbientOcclusionLevels:-1]]
[2020.11.05-16.53.41:554][  0]LogConfig: Setting CVar [[r.AmbientOcclusionRadiusScale:1.0]]
[2020.11.05-16.53.41:554][  0]LogConfig: Setting CVar [[r.DepthOfFieldQuality:2]]
[2020.11.05-16.53.41:554][  0]LogConfig: Setting CVar [[r.RenderTargetPoolMin:400]]
[2020.11.05-16.53.41:554][  0]LogConfig: Setting CVar [[r.LensFlareQuality:2]]
[2020.11.05-16.53.41:554][  0]LogConfig: Setting CVar [[r.SceneColorFringeQuality:1]]
[2020.11.05-16.53.41:554][  0]LogConfig: Setting CVar [[r.EyeAdaptationQuality:2]]
[2020.11.05-16.53.41:555][  0]LogConfig: Setting CVar [[r.BloomQuality:5]]
[2020.11.05-16.53.41:555][  0]LogConfig: Setting CVar [[r.FastBlurThreshold:100]]
[2020.11.05-16.53.41:555][  0]LogConfig: Setting CVar [[r.Upscale.Quality:3]]
[2020.11.05-16.53.41:555][  0]LogConfig: Setting CVar [[r.Tonemapper.GrainQuantization:1]]
[2020.11.05-16.53.41:555][  0]LogConfig: Setting CVar [[r.LightShaftQuality:1]]
[2020.11.05-16.53.41:555][  0]LogConfig: Setting CVar [[r.Filter.SizeScale:1]]
[2020.11.05-16.53.41:555][  0]LogConfig: Setting CVar [[r.Tonemapper.Quality:5]]
[2020.11.05-16.53.41:555][  0]LogConfig: Setting CVar [[r.DOF.Gather.AccumulatorQuality:1        ; higher gathering accumulator quality]]
[2020.11.05-16.53.41:555][  0]LogConfig: Setting CVar [[r.DOF.Gather.PostfilterMethod:1          ; Median3x3 postfilering method]]
[2020.11.05-16.53.41:555][  0]LogConfig: Setting CVar [[r.DOF.Gather.EnableBokehSettings:0       ; no bokeh simulation when gathering]]
[2020.11.05-16.53.41:555][  0]LogConfig: Setting CVar [[r.DOF.Gather.RingCount:4                 ; medium number of samples when gathering]]
[2020.11.05-16.53.41:555][  0]LogConfig: Setting CVar [[r.DOF.Scatter.ForegroundCompositing:1    ; additive foreground scattering]]
[2020.11.05-16.53.41:555][  0]LogConfig: Setting CVar [[r.DOF.Scatter.BackgroundCompositing:2    ; additive background scattering]]
[2020.11.05-16.53.41:555][  0]LogConfig: Setting CVar [[r.DOF.Scatter.EnableBokehSettings:1      ; bokeh simulation when scattering]]
[2020.11.05-16.53.41:555][  0]LogConfig: Setting CVar [[r.DOF.Scatter.MaxSpriteRatio:0.1         ; only a maximum of 10% of scattered bokeh]]
[2020.11.05-16.53.41:555][  0]LogConfig: Setting CVar [[r.DOF.Recombine.Quality:1                ; cheap slight out of focus]]
[2020.11.05-16.53.41:555][  0]LogConfig: Setting CVar [[r.DOF.Recombine.EnableBokehSettings:0    ; no bokeh simulation on slight out of focus]]
[2020.11.05-16.53.41:555][  0]LogConfig: Setting CVar [[r.DOF.TemporalAAQuality:1                ; more stable temporal accumulation]]
[2020.11.05-16.53.41:555][  0]LogConfig: Setting CVar [[r.DOF.Kernel.MaxForegroundRadius:0.025]]
[2020.11.05-16.53.41:555][  0]LogConfig: Setting CVar [[r.DOF.Kernel.MaxBackgroundRadius:0.025]]
[2020.11.05-16.53.41:555][  0]LogConfig: Applying CVar settings from Section [TextureQuality@3] File [C:/Users/Raquel/Documents/GitHub/Sugar-Rush/GAME2020_Final/Saved/Config/Windows/Scalability.ini]
[2020.11.05-16.53.41:555][  0]LogConfig: Setting CVar [[r.Streaming.MipBias:0]]
[2020.11.05-16.53.41:555][  0]LogConfig: Setting CVar [[r.Streaming.AmortizeCPUToGPUCopy:0]]
[2020.11.05-16.53.41:555][  0]LogConfig: Setting CVar [[r.Streaming.MaxNumTexturesToStreamPerFrame:0]]
[2020.11.05-16.53.41:555][  0]LogConfig: Setting CVar [[r.Streaming.Boost:1]]
[2020.11.05-16.53.41:555][  0]LogConfig: Setting CVar [[r.MaxAnisotropy:8]]
[2020.11.05-16.53.41:555][  0]LogConfig: Setting CVar [[r.VT.MaxAnisotropy:8]]
[2020.11.05-16.53.41:555][  0]LogConfig: Setting CVar [[r.Streaming.LimitPoolSizeToVRAM:0]]
[2020.11.05-16.53.41:555][  0]LogConfig: Setting CVar [[r.Streaming.PoolSize:1000]]
[2020.11.05-16.53.41:555][  0]LogConfig: Setting CVar [[r.Streaming.MaxEffectiveScreenSize:0]]
[2020.11.05-16.53.41:555][  0]LogConfig: Applying CVar settings from Section [EffectsQuality@3] File [C:/Users/Raquel/Documents/GitHub/Sugar-Rush/GAME2020_Final/Saved/Config/Windows/Scalability.ini]
[2020.11.05-16.53.41:555][  0]LogConfig: Setting CVar [[r.TranslucencyLightingVolumeDim:64]]
[2020.11.05-16.53.41:555][  0]LogConfig: Setting CVar [[r.RefractionQuality:2]]
[2020.11.05-16.53.41:555][  0]LogConfig: Setting CVar [[r.SSR.Quality:3]]
[2020.11.05-16.53.41:555][  0]LogConfig: Setting CVar [[r.SSR.HalfResSceneColor:0]]
[2020.11.05-16.53.41:555][  0]LogConfig: Setting CVar [[r.SceneColorFormat:4]]
[2020.11.05-16.53.41:555][  0]LogConfig: Setting CVar [[r.DetailMode:2]]
[2020.11.05-16.53.41:555][  0]LogConfig: Setting CVar [[r.TranslucencyVolumeBlur:1]]
[2020.11.05-16.53.41:555][  0]LogConfig: Setting CVar [[r.MaterialQualityLevel:1 ; High quality]]
[2020.11.05-16.53.41:555][  0]LogConfig: Setting CVar [[r.SSS.Scale:1]]
[2020.11.05-16.53.41:555][  0]LogConfig: Setting CVar [[r.SSS.SampleSet:2]]
[2020.11.05-16.53.41:555][  0]LogConfig: Setting CVar [[r.SSS.Quality:1]]
[2020.11.05-16.53.41:555][  0]LogConfig: Setting CVar [[r.SSS.HalfRes:0]]
[2020.11.05-16.53.41:555][  0]LogConfig: Setting CVar [[r.SSGI.Quality:3]]
[2020.11.05-16.53.41:555][  0]LogConfig: Setting CVar [[r.EmitterSpawnRateScale:1.0]]
[2020.11.05-16.53.41:555][  0]LogConfig: Setting CVar [[r.ParticleLightQuality:2]]
[2020.11.05-16.53.41:555][  0]LogConfig: Setting CVar [[r.SkyAtmosphere.AerialPerspectiveLUT.FastApplyOnOpaque:1 ; Always have FastSkyLUT 1 in this case to avoid wrong sky]]
[2020.11.05-16.53.41:555][  0]LogConfig: Setting CVar [[r.SkyAtmosphere.AerialPerspectiveLUT.SampleCountPerSlice:1]]
[2020.11.05-16.53.41:555][  0]LogConfig: Setting CVar [[r.SkyAtmosphere.AerialPerspectiveLUT.DepthResolution:16.0]]
[2020.11.05-16.53.41:555][  0]LogConfig: Setting CVar [[r.SkyAtmosphere.FastSkyLUT:1]]
[2020.11.05-16.53.41:555][  0]LogConfig: Setting CVar [[r.SkyAtmosphere.FastSkyLUT.SampleCountMin:4.0]]
[2020.11.05-16.53.41:555][  0]LogConfig: Setting CVar [[r.SkyAtmosphere.FastSkyLUT.SampleCountMax:32.0]]
[2020.11.05-16.53.41:555][  0]LogConfig: Setting CVar [[r.SkyAtmosphere.SampleCountMin:4.0]]
[2020.11.05-16.53.41:555][  0]LogConfig: Setting CVar [[r.SkyAtmosphere.SampleCountMax:32.0]]
[2020.11.05-16.53.41:555][  0]LogConfig: Setting CVar [[r.SkyAtmosphere.TransmittanceLUT.UseSmallFormat:0]]
[2020.11.05-16.53.41:555][  0]LogConfig: Setting CVar [[r.SkyAtmosphere.TransmittanceLUT.SampleCount:10.0]]
[2020.11.05-16.53.41:555][  0]LogConfig: Setting CVar [[r.SkyAtmosphere.MultiScatteringLUT.SampleCount:15.0]]
[2020.11.05-16.53.41:555][  0]LogConfig: Applying CVar settings from Section [FoliageQuality@3] File [C:/Users/Raquel/Documents/GitHub/Sugar-Rush/GAME2020_Final/Saved/Config/Windows/Scalability.ini]
[2020.11.05-16.53.41:555][  0]LogConfig: Setting CVar [[foliage.DensityScale:1.0]]
[2020.11.05-16.53.41:555][  0]LogConfig: Setting CVar [[grass.DensityScale:1.0]]
[2020.11.05-16.53.41:555][  0]LogConfig: Applying CVar settings from Section [ShadingQuality@3] File [C:/Users/Raquel/Documents/GitHub/Sugar-Rush/GAME2020_Final/Saved/Config/Windows/Scalability.ini]
[2020.11.05-16.53.41:555][  0]LogConfig: Setting CVar [[r.HairStrands.SkyLighting.SampleCount:16]]
[2020.11.05-16.53.41:555][  0]LogConfig: Setting CVar [[r.HairStrands.SkyLighting.JitterIntegration:0]]
[2020.11.05-16.53.41:555][  0]LogConfig: Setting CVar [[r.HairStrands.SkyAO.SampleCount:16]]
[2020.11.05-16.53.41:555][  0]LogConfig: Setting CVar [[r.HairStrands.DeepShadow.SuperSampling:0]]
[2020.11.05-16.53.41:555][  0]LogConfig: Setting CVar [[r.HairStrands.VisibilityPPLL:0]]
[2020.11.05-16.53.41:555][  0]LogConfig: Setting CVar [[r.HairStrands.RasterizationScale:0.5]]
[2020.11.05-16.53.41:555][  0]LogConfig: Setting CVar [[r.HairStrands.VelocityRasterizationScale:1]]
[2020.11.05-16.53.41:556][  0]LogInit: Selected Device Profile: [Windows]
[2020.11.05-16.53.41:556][  0]LogInit: Applying CVar settings loaded from the selected device profile: [Windows]
[2020.11.05-16.53.41:557][  0]LogHAL: Display: Platform has ~ 8 GB [8419069952 / 8589934592 / 8], which maps to Default [LargestMinGB=32, LargerMinGB=12, DefaultMinGB=8, SmallerMinGB=6, SmallestMinGB=0)
[2020.11.05-16.53.41:557][  0]LogInit: Going up to parent DeviceProfile []
[2020.11.05-16.53.41:557][  0]LogConfig: Applying CVar settings from Section [ViewDistanceQuality@3] File [C:/Users/Raquel/Documents/GitHub/Sugar-Rush/GAME2020_Final/Saved/Config/Windows/Scalability.ini]
[2020.11.05-16.53.41:557][  0]LogConfig: Setting CVar [[r.SkeletalMeshLODBias:0]]
[2020.11.05-16.53.41:557][  0]LogConfig: Setting CVar [[r.ViewDistanceScale:1.0]]
[2020.11.05-16.53.41:557][  0]LogConfig: Applying CVar settings from Section [AntiAliasingQuality@3] File [C:/Users/Raquel/Documents/GitHub/Sugar-Rush/GAME2020_Final/Saved/Config/Windows/Scalability.ini]
[2020.11.05-16.53.41:557][  0]LogConfig: Setting CVar [[r.PostProcessAAQuality:4]]
[2020.11.05-16.53.41:557][  0]LogConfig: Applying CVar settings from Section [ShadowQuality@3] File [C:/Users/Raquel/Documents/GitHub/Sugar-Rush/GAME2020_Final/Saved/Config/Windows/Scalability.ini]
[2020.11.05-16.53.41:557][  0]LogConfig: Setting CVar [[r.LightFunctionQuality:1]]
[2020.11.05-16.53.41:557][  0]LogConfig: Setting CVar [[r.ShadowQuality:5]]
[2020.11.05-16.53.41:557][  0]LogConfig: Setting CVar [[r.Shadow.CSM.MaxCascades:10]]
[2020.11.05-16.53.41:557][  0]LogConfig: Setting CVar [[r.Shadow.MaxResolution:2048]]
[2020.11.05-16.53.41:557][  0]LogConfig: Setting CVar [[r.Shadow.MaxCSMResolution:2048]]
[2020.11.05-16.53.41:557][  0]LogConfig: Setting CVar [[r.Shadow.RadiusThreshold:0.01]]
[2020.11.05-16.53.41:557][  0]LogConfig: Setting CVar [[r.Shadow.DistanceScale:1.0]]
[2020.11.05-16.53.41:557][  0]LogConfig: Setting CVar [[r.Shadow.CSM.TransitionScale:1.0]]
[2020.11.05-16.53.41:557][  0]LogConfig: Setting CVar [[r.Shadow.PreShadowResolutionFactor:1.0]]
[2020.11.05-16.53.41:557][  0]LogConfig: Setting CVar [[r.DistanceFieldShadowing:1]]
[2020.11.05-16.53.41:557][  0]LogConfig: Setting CVar [[r.DistanceFieldAO:1]]
[2020.11.05-16.53.41:557][  0]LogConfig: Setting CVar [[r.AOQuality:2]]
[2020.11.05-16.53.41:557][  0]LogConfig: Setting CVar [[r.VolumetricFog:1]]
[2020.11.05-16.53.41:557][  0]LogConfig: Setting CVar [[r.VolumetricFog.GridPixelSize:8]]
[2020.11.05-16.53.41:557][  0]LogConfig: Setting CVar [[r.VolumetricFog.GridSizeZ:128]]
[2020.11.05-16.53.41:557][  0]LogConfig: Setting CVar [[r.VolumetricFog.HistoryMissSupersampleCount:4]]
[2020.11.05-16.53.41:557][  0]LogConfig: Setting CVar [[r.LightMaxDrawDistanceScale:1]]
[2020.11.05-16.53.41:557][  0]LogConfig: Setting CVar [[r.CapsuleShadows:1]]
[2020.11.05-16.53.41:557][  0]LogConfig: Applying CVar settings from Section [PostProcessQuality@3] File [C:/Users/Raquel/Documents/GitHub/Sugar-Rush/GAME2020_Final/Saved/Config/Windows/Scalability.ini]
[2020.11.05-16.53.41:557][  0]LogConfig: Setting CVar [[r.MotionBlurQuality:4]]
[2020.11.05-16.53.41:557][  0]LogConfig: Setting CVar [[r.AmbientOcclusionMipLevelFactor:0.4]]
[2020.11.05-16.53.41:557][  0]LogConfig: Setting CVar [[r.AmbientOcclusionMaxQuality:100]]
[2020.11.05-16.53.41:558][  0]LogConfig: Setting CVar [[r.AmbientOcclusionLevels:-1]]
[2020.11.05-16.53.41:558][  0]LogConfig: Setting CVar [[r.AmbientOcclusionRadiusScale:1.0]]
[2020.11.05-16.53.41:558][  0]LogConfig: Setting CVar [[r.DepthOfFieldQuality:2]]
[2020.11.05-16.53.41:558][  0]LogConfig: Setting CVar [[r.RenderTargetPoolMin:400]]
[2020.11.05-16.53.41:558][  0]LogConfig: Setting CVar [[r.LensFlareQuality:2]]
[2020.11.05-16.53.41:558][  0]LogConfig: Setting CVar [[r.SceneColorFringeQuality:1]]
[2020.11.05-16.53.41:558][  0]LogConfig: Setting CVar [[r.EyeAdaptationQuality:2]]
[2020.11.05-16.53.41:558][  0]LogConfig: Setting CVar [[r.BloomQuality:5]]
[2020.11.05-16.53.41:558][  0]LogConfig: Setting CVar [[r.FastBlurThreshold:100]]
[2020.11.05-16.53.41:558][  0]LogConfig: Setting CVar [[r.Upscale.Quality:3]]
[2020.11.05-16.53.41:558][  0]LogConfig: Setting CVar [[r.Tonemapper.GrainQuantization:1]]
[2020.11.05-16.53.41:558][  0]LogConfig: Setting CVar [[r.LightShaftQuality:1]]
[2020.11.05-16.53.41:558][  0]LogConfig: Setting CVar [[r.Filter.SizeScale:1]]
[2020.11.05-16.53.41:558][  0]LogConfig: Setting CVar [[r.Tonemapper.Quality:5]]
[2020.11.05-16.53.41:558][  0]LogConfig: Setting CVar [[r.DOF.Gather.AccumulatorQuality:1        ; higher gathering accumulator quality]]
[2020.11.05-16.53.41:558][  0]LogConfig: Setting CVar [[r.DOF.Gather.PostfilterMethod:1          ; Median3x3 postfilering method]]
[2020.11.05-16.53.41:558][  0]LogConfig: Setting CVar [[r.DOF.Gather.EnableBokehSettings:0       ; no bokeh simulation when gathering]]
[2020.11.05-16.53.41:558][  0]LogConfig: Setting CVar [[r.DOF.Gather.RingCount:4                 ; medium number of samples when gathering]]
[2020.11.05-16.53.41:558][  0]LogConfig: Setting CVar [[r.DOF.Scatter.ForegroundCompositing:1    ; additive foreground scattering]]
[2020.11.05-16.53.41:558][  0]LogConfig: Setting CVar [[r.DOF.Scatter.BackgroundCompositing:2    ; additive background scattering]]
[2020.11.05-16.53.41:558][  0]LogConfig: Setting CVar [[r.DOF.Scatter.EnableBokehSettings:1      ; bokeh simulation when scattering]]
[2020.11.05-16.53.41:558][  0]LogConfig: Setting CVar [[r.DOF.Scatter.MaxSpriteRatio:0.1         ; only a maximum of 10% of scattered bokeh]]
[2020.11.05-16.53.41:558][  0]LogConfig: Setting CVar [[r.DOF.Recombine.Quality:1                ; cheap slight out of focus]]
[2020.11.05-16.53.41:558][  0]LogConfig: Setting CVar [[r.DOF.Recombine.EnableBokehSettings:0    ; no bokeh simulation on slight out of focus]]
[2020.11.05-16.53.41:558][  0]LogConfig: Setting CVar [[r.DOF.TemporalAAQuality:1                ; more stable temporal accumulation]]
[2020.11.05-16.53.41:558][  0]LogConfig: Setting CVar [[r.DOF.Kernel.MaxForegroundRadius:0.025]]
[2020.11.05-16.53.41:558][  0]LogConfig: Setting CVar [[r.DOF.Kernel.MaxBackgroundRadius:0.025]]
[2020.11.05-16.53.41:558][  0]LogConfig: Applying CVar settings from Section [TextureQuality@3] File [C:/Users/Raquel/Documents/GitHub/Sugar-Rush/GAME2020_Final/Saved/Config/Windows/Scalability.ini]
[2020.11.05-16.53.41:558][  0]LogConfig: Setting CVar [[r.Streaming.MipBias:0]]
[2020.11.05-16.53.41:558][  0]LogConfig: Setting CVar [[r.Streaming.AmortizeCPUToGPUCopy:0]]
[2020.11.05-16.53.41:559][  0]LogConfig: Setting CVar [[r.Streaming.MaxNumTexturesToStreamPerFrame:0]]
[2020.11.05-16.53.41:559][  0]LogConfig: Setting CVar [[r.Streaming.Boost:1]]
[2020.11.05-16.53.41:559][  0]LogConfig: Setting CVar [[r.MaxAnisotropy:8]]
[2020.11.05-16.53.41:559][  0]LogConfig: Setting CVar [[r.VT.MaxAnisotropy:8]]
[2020.11.05-16.53.41:559][  0]LogConfig: Setting CVar [[r.Streaming.LimitPoolSizeToVRAM:0]]
[2020.11.05-16.53.41:559][  0]LogConfig: Setting CVar [[r.Streaming.PoolSize:1000]]
[2020.11.05-16.53.41:559][  0]LogConfig: Setting CVar [[r.Streaming.MaxEffectiveScreenSize:0]]
[2020.11.05-16.53.41:559][  0]LogConfig: Applying CVar settings from Section [EffectsQuality@3] File [C:/Users/Raquel/Documents/GitHub/Sugar-Rush/GAME2020_Final/Saved/Config/Windows/Scalability.ini]
[2020.11.05-16.53.41:559][  0]LogConfig: Setting CVar [[r.TranslucencyLightingVolumeDim:64]]
[2020.11.05-16.53.41:559][  0]LogConfig: Setting CVar [[r.RefractionQuality:2]]
[2020.11.05-16.53.41:559][  0]LogConfig: Setting CVar [[r.SSR.Quality:3]]
[2020.11.05-16.53.41:559][  0]LogConfig: Setting CVar [[r.SSR.HalfResSceneColor:0]]
[2020.11.05-16.53.41:559][  0]LogConfig: Setting CVar [[r.SceneColorFormat:4]]
[2020.11.05-16.53.41:559][  0]LogConfig: Setting CVar [[r.DetailMode:2]]
[2020.11.05-16.53.41:559][  0]LogConfig: Setting CVar [[r.TranslucencyVolumeBlur:1]]
[2020.11.05-16.53.41:559][  0]LogConfig: Setting CVar [[r.MaterialQualityLevel:1 ; High quality]]
[2020.11.05-16.53.41:559][  0]LogConfig: Setting CVar [[r.SSS.Scale:1]]
[2020.11.05-16.53.41:559][  0]LogConfig: Setting CVar [[r.SSS.SampleSet:2]]
[2020.11.05-16.53.41:559][  0]LogConfig: Setting CVar [[r.SSS.Quality:1]]
[2020.11.05-16.53.41:559][  0]LogConfig: Setting CVar [[r.SSS.HalfRes:0]]
[2020.11.05-16.53.41:559][  0]LogConfig: Setting CVar [[r.SSGI.Quality:3]]
[2020.11.05-16.53.41:559][  0]LogConfig: Setting CVar [[r.EmitterSpawnRateScale:1.0]]
[2020.11.05-16.53.41:559][  0]LogConfig: Setting CVar [[r.ParticleLightQuality:2]]
[2020.11.05-16.53.41:559][  0]LogConfig: Setting CVar [[r.SkyAtmosphere.AerialPerspectiveLUT.FastApplyOnOpaque:1 ; Always have FastSkyLUT 1 in this case to avoid wrong sky]]
[2020.11.05-16.53.41:559][  0]LogConfig: Setting CVar [[r.SkyAtmosphere.AerialPerspectiveLUT.SampleCountPerSlice:1]]
[2020.11.05-16.53.41:559][  0]LogConfig: Setting CVar [[r.SkyAtmosphere.AerialPerspectiveLUT.DepthResolution:16.0]]
[2020.11.05-16.53.41:559][  0]LogConfig: Setting CVar [[r.SkyAtmosphere.FastSkyLUT:1]]
[2020.11.05-16.53.41:559][  0]LogConfig: Setting CVar [[r.SkyAtmosphere.FastSkyLUT.SampleCountMin:4.0]]
[2020.11.05-16.53.41:559][  0]LogConfig: Setting CVar [[r.SkyAtmosphere.FastSkyLUT.SampleCountMax:32.0]]
[2020.11.05-16.53.41:559][  0]LogConfig: Setting CVar [[r.SkyAtmosphere.SampleCountMin:4.0]]
[2020.11.05-16.53.41:559][  0]LogConfig: Setting CVar [[r.SkyAtmosphere.SampleCountMax:32.0]]
[2020.11.05-16.53.41:559][  0]LogConfig: Setting CVar [[r.SkyAtmosphere.TransmittanceLUT.UseSmallFormat:0]]
[2020.11.05-16.53.41:559][  0]LogConfig: Setting CVar [[r.SkyAtmosphere.TransmittanceLUT.SampleCount:10.0]]
[2020.11.05-16.53.41:559][  0]LogConfig: Setting CVar [[r.SkyAtmosphere.MultiScatteringLUT.SampleCount:15.0]]
[2020.11.05-16.53.41:559][  0]LogConfig: Applying CVar settings from Section [FoliageQuality@3] File [C:/Users/Raquel/Documents/GitHub/Sugar-Rush/GAME2020_Final/Saved/Config/Windows/Scalability.ini]
[2020.11.05-16.53.41:559][  0]LogConfig: Setting CVar [[foliage.DensityScale:1.0]]
[2020.11.05-16.53.41:559][  0]LogConfig: Setting CVar [[grass.DensityScale:1.0]]
[2020.11.05-16.53.41:559][  0]LogConfig: Applying CVar settings from Section [ShadingQuality@3] File [C:/Users/Raquel/Documents/GitHub/Sugar-Rush/GAME2020_Final/Saved/Config/Windows/Scalability.ini]
[2020.11.05-16.53.41:559][  0]LogConfig: Setting CVar [[r.HairStrands.SkyLighting.SampleCount:16]]
[2020.11.05-16.53.41:559][  0]LogConfig: Setting CVar [[r.HairStrands.SkyLighting.JitterIntegration:0]]
[2020.11.05-16.53.41:559][  0]LogConfig: Setting CVar [[r.HairStrands.SkyAO.SampleCount:16]]
[2020.11.05-16.53.41:559][  0]LogConfig: Setting CVar [[r.HairStrands.DeepShadow.SuperSampling:0]]
[2020.11.05-16.53.41:559][  0]LogConfig: Setting CVar [[r.HairStrands.VisibilityPPLL:0]]
[2020.11.05-16.53.41:560][  0]LogConfig: Setting CVar [[r.HairStrands.RasterizationScale:0.5]]
[2020.11.05-16.53.41:560][  0]LogConfig: Setting CVar [[r.HairStrands.VelocityRasterizationScale:1]]
[2020.11.05-16.53.41:560][  0]LogConfig: Applying CVar settings from Section [Startup] File [../../../Engine/Config/ConsoleVariables.ini]
[2020.11.05-16.53.41:561][  0]LogConfig: Setting CVar [[net.UseAdaptiveNetUpdateFrequency:0]]
[2020.11.05-16.53.41:561][  0]LogConfig: Setting CVar [[p.chaos.AllowCreatePhysxBodies:1]]
[2020.11.05-16.53.41:561][  0]LogConfig: Setting CVar [[fx.SkipVectorVMBackendOptimizations:1]]
[2020.11.05-16.53.41:561][  0]LogConfig: Applying CVar settings from Section [ConsoleVariables] File [C:/Users/Raquel/Documents/GitHub/Sugar-Rush/GAME2020_Final/Saved/Config/Windows/Engine.ini]
[2020.11.05-16.53.41:563][  0]LogInit: Computer: LAPTOP-L4CND8VI
[2020.11.05-16.53.41:563][  0]LogInit: User: Raquel
[2020.11.05-16.53.41:563][  0]LogInit: CPU Page size=4096, Cores=4
[2020.11.05-16.53.41:563][  0]LogInit: High frequency timer resolution =10.000000 MHz
[2020.11.05-16.53.41:563][  0]LogMemory: Memory total: Physical=7.8GB (8GB approx)
[2020.11.05-16.53.41:564][  0]LogMemory: Platform Memory Stats for Windows
[2020.11.05-16.53.41:564][  0]LogMemory: Process Physical Memory: 113.93 MB used, 113.93 MB peak
[2020.11.05-16.53.41:564][  0]LogMemory: Process Virtual Memory: 96.19 MB used, 96.19 MB peak
[2020.11.05-16.53.41:564][  0]LogMemory: Physical Memory: 7495.17 MB used,  533.88 MB free, 8029.05 MB total
[2020.11.05-16.53.41:564][  0]LogMemory: Virtual Memory: 5143.11 MB used,  134212584.00 MB free, 134217728.00 MB total
[2020.11.05-16.53.41:569][  0]LogWindows: WindowsPlatformFeatures enabled
[2020.11.05-16.53.41:757][  0]LogInit: Physics initialised using underlying interface: PhysX
[2020.11.05-16.53.41:760][  0]LogInit: Using OS detected language (en-US).
[2020.11.05-16.53.41:761][  0]LogInit: Using OS detected locale (en-CA).
[2020.11.05-16.53.41:777][  0]LogTextLocalizationManager: No specific localization for 'en-US' exists, so the 'en' localization will be used.
[2020.11.05-16.53.42:176][  0]LogInit: Setting process to per monitor DPI aware
[2020.11.05-16.53.42:268][  0]LogSlate: New Slate User Created.  User Index 0, Is Virtual User: 0
[2020.11.05-16.53.42:268][  0]LogSlate: Slate User Registered.  User Index 0, Is Virtual User: 0
[2020.11.05-16.53.42:664][  0]LogHMD: Failed to initialize OpenVR with code 110
[2020.11.05-16.53.42:664][  0]LogD3D11RHI: D3D11 min allowed feature level: 11_0
[2020.11.05-16.53.42:664][  0]LogD3D11RHI: D3D11 max allowed feature level: 11_0
[2020.11.05-16.53.42:664][  0]LogD3D11RHI: D3D11 adapters:
[2020.11.05-16.53.42:818][  0]LogD3D11RHI:    0. 'NVIDIA GeForce GTX 1650' (Feature Level 11_0)
[2020.11.05-16.53.42:818][  0]LogD3D11RHI:       3962/0/4014 MB DedicatedVideo/DedicatedSystem/SharedSystem, Outputs:1, VendorId:0x10de
[2020.11.05-16.53.42:837][  0]LogD3D11RHI:    1. 'Intel(R) UHD Graphics 630' (Feature Level 11_0)
[2020.11.05-16.53.42:837][  0]LogD3D11RHI:       128/0/4014 MB DedicatedVideo/DedicatedSystem/SharedSystem, Outputs:0, VendorId:0x8086
[2020.11.05-16.53.42:845][  0]LogD3D11RHI:    2. 'Microsoft Basic Render Driver' (Feature Level 11_0)
[2020.11.05-16.53.42:845][  0]LogD3D11RHI:       0/0/4014 MB DedicatedVideo/DedicatedSystem/SharedSystem, Outputs:0, VendorId:0x1414
[2020.11.05-16.53.42:845][  0]LogD3D11RHI: Chosen D3D11 Adapter: 0
[2020.11.05-16.53.42:909][  0]LogD3D11RHI: Creating new Direct3DDevice
[2020.11.05-16.53.42:910][  0]LogD3D11RHI:     GPU DeviceId: 0x1f91 (for the marketing name, search the web for "GPU Device Id")
[2020.11.05-16.53.42:910][  0]LogWindows: EnumDisplayDevices:
[2020.11.05-16.53.42:910][  0]LogWindows:    0. 'Intel(R) UHD Graphics 630' (P:1 D:1)
[2020.11.05-16.53.42:910][  0]LogWindows:    1. 'Intel(R) UHD Graphics 630' (P:0 D:0)
[2020.11.05-16.53.42:910][  0]LogWindows:    2. 'Intel(R) UHD Graphics 630' (P:0 D:0)
[2020.11.05-16.53.42:911][  0]LogWindows:    3. 'NVIDIA GeForce GTX 1650' (P:0 D:0)
[2020.11.05-16.53.42:911][  0]LogWindows: DebugString: PrimaryIsNotTheChoosenAdapter PrimaryIsNotTheChoosenAdapter PrimaryIsNotTheChoosenAdapter 
[2020.11.05-16.53.42:911][  0]LogD3D11RHI:     Adapter Name: NVIDIA GeForce GTX 1650
[2020.11.05-16.53.42:911][  0]LogD3D11RHI:   Driver Version: 451.67 (internal:27.21.14.5167, unified:451.67)
[2020.11.05-16.53.42:911][  0]LogD3D11RHI:      Driver Date: 7-5-2020
[2020.11.05-16.53.42:911][  0]LogRHI: Texture pool is 2773 MB (70% of 3962 MB)
[2020.11.05-16.53.42:976][  0]LogD3D11RHI: RHI has support for 64 bit atomics
[2020.11.05-16.53.42:978][  0]LogD3D11RHI: Async texture creation enabled
[2020.11.05-16.53.42:978][  0]LogD3D11RHI: Array index from any shader is supported
[2020.11.05-16.53.43:013][  0]LogD3D11RHI: GPU Timing Frequency: 1000.000000 (Debug: 2 1)
[2020.11.05-16.53.43:462][  0]LogTargetPlatformManager: Display: Loaded TargetPlatform 'AllDesktop'
[2020.11.05-16.53.43:490][  0]LogTargetPlatformManager: Display: Loaded TargetPlatform 'Android'
[2020.11.05-16.53.43:490][  0]LogTargetPlatformManager: Display: Loaded TargetPlatform 'Android_ASTC'
[2020.11.05-16.53.43:490][  0]LogTargetPlatformManager: Display: Loaded TargetPlatform 'Android_DXT'
[2020.11.05-16.53.43:490][  0]LogTargetPlatformManager: Display: Loaded TargetPlatform 'Android_ETC2'
[2020.11.05-16.53.43:490][  0]LogTargetPlatformManager: Display: Loaded TargetPlatform 'AndroidClient'
[2020.11.05-16.53.43:490][  0]LogTargetPlatformManager: Display: Loaded TargetPlatform 'Android_ASTCClient'
[2020.11.05-16.53.43:490][  0]LogTargetPlatformManager: Display: Loaded TargetPlatform 'Android_DXTClient'
[2020.11.05-16.53.43:490][  0]LogTargetPlatformManager: Display: Loaded TargetPlatform 'Android_ETC2Client'
[2020.11.05-16.53.43:490][  0]LogTargetPlatformManager: Display: Loaded TargetPlatform 'Android_Multi'
[2020.11.05-16.53.43:490][  0]LogTargetPlatformManager: Display: Loaded TargetPlatform 'Android_MultiClient'
[2020.11.05-16.53.43:521][  0]LogTargetPlatformManager: Display: Loaded TargetPlatform 'IOSClient'
[2020.11.05-16.53.43:521][  0]LogTargetPlatformManager: Display: Loaded TargetPlatform 'IOS'
[2020.11.05-16.53.43:537][  0]LogTargetPlatformManager: Display: Loaded TargetPlatform 'Linux'
[2020.11.05-16.53.43:550][  0]LogTargetPlatformManager: Display: Loaded TargetPlatform 'LinuxNoEditor'
[2020.11.05-16.53.43:562][  0]LogTargetPlatformManager: Display: Loaded TargetPlatform 'LinuxClient'
[2020.11.05-16.53.43:572][  0]LogTargetPlatformManager: Display: Loaded TargetPlatform 'LinuxServer'
[2020.11.05-16.53.43:585][  0]LogTargetPlatformManager: Display: Loaded TargetPlatform 'LinuxAArch64NoEditor'
[2020.11.05-16.53.43:597][  0]LogTargetPlatformManager: Display: Loaded TargetPlatform 'LinuxAArch64Client'
[2020.11.05-16.53.43:609][  0]LogTargetPlatformManager: Display: Loaded TargetPlatform 'LinuxAArch64Server'
[2020.11.05-16.53.43:642][  0]LogTargetPlatformManager: Display: Loaded TargetPlatform 'Lumin'
[2020.11.05-16.53.43:642][  0]LogTargetPlatformManager: Display: Loaded TargetPlatform 'LuminClient'
[2020.11.05-16.53.43:659][  0]LogTargetPlatformManager: Display: Loaded TargetPlatform 'TVOSClient'
[2020.11.05-16.53.43:659][  0]LogTargetPlatformManager: Display: Loaded TargetPlatform 'TVOS'
[2020.11.05-16.53.43:671][  0]LogTargetPlatformManager: Display: Loaded TargetPlatform 'WindowsNoEditor'
[2020.11.05-16.53.43:683][  0]LogTargetPlatformManager: Display: Loaded TargetPlatform 'Windows'
[2020.11.05-16.53.43:699][  0]LogTargetPlatformManager: Display: Loaded TargetPlatform 'WindowsClient'
[2020.11.05-16.53.43:710][  0]LogTargetPlatformManager: Display: Loaded TargetPlatform 'WindowsServer'
[2020.11.05-16.53.43:711][  0]LogTargetPlatformManager: Display: Building Assets For Windows
[2020.11.05-16.53.43:724][  0]LogAudioDebug: Display: Lib vorbis DLL was dynamically loaded.
[2020.11.05-16.53.43:856][  0]LogShaderCompilers: Guid format shader working directory is -27 characters bigger than the processId version (../../../../../../Users/Raquel/Documents/GitHub/Sugar-Rush/GAME2020_Final/Intermediate/Shaders/WorkingDirectory/20332/).
[2020.11.05-16.53.43:857][  0]LogShaderCompilers: Cleaned the shader compiler working directory 'C:/Users/Raquel/AppData/Local/Temp/UnrealShaderWorkingDir/A24A7DFC41334CB11E93AFAFB619D7C0/'.
[2020.11.05-16.53.43:858][  0]LogXGEController: Cannot use XGE Controller as Incredibuild is not installed on this machine.
[2020.11.05-16.53.43:858][  0]LogShaderCompilers: Cannot use XGE Shader Compiler as Incredibuild is not installed on this machine.
[2020.11.05-16.53.43:858][  0]LogShaderCompilers: Display: Using Local Shader Compiler.
[2020.11.05-16.53.44:947][  0]LogDerivedDataCache: Display: Max Cache Size: 512 MB
[2020.11.05-16.53.45:162][  0]LogDerivedDataCache: Loaded boot cache 0.21s 91MB C:/Users/Raquel/AppData/Local/UnrealEngine/4.25/DerivedDataCache/Boot.ddc.
[2020.11.05-16.53.45:163][  0]LogDerivedDataCache: Display: Loaded Boot cache: C:/Users/Raquel/AppData/Local/UnrealEngine/4.25/DerivedDataCache/Boot.ddc
[2020.11.05-16.53.45:164][  0]LogDerivedDataCache: FDerivedDataBackendGraph:  Pak pak cache file ../../../../../../Users/Raquel/Documents/GitHub/Sugar-Rush/GAME2020_Final/DerivedDataCache/DDC.ddp not found, will not use a pak cache.
[2020.11.05-16.53.45:164][  0]LogDerivedDataCache: Unable to find inner node Pak for hierarchical cache Hierarchy.
[2020.11.05-16.53.45:164][  0]LogDerivedDataCache: FDerivedDataBackendGraph:  CompressedPak pak cache file ../../../../../../Users/Raquel/Documents/GitHub/Sugar-Rush/GAME2020_Final/DerivedDataCache/Compressed.ddp not found, will not use a pak cache.
[2020.11.05-16.53.45:164][  0]LogDerivedDataCache: Unable to find inner node CompressedPak for hierarchical cache Hierarchy.
[2020.11.05-16.53.45:183][  0]LogDerivedDataCache: Display: Pak cache opened for reading ../../../Engine/DerivedDataCache/Compressed.ddp.
[2020.11.05-16.53.45:183][  0]LogDerivedDataCache: FDerivedDataBackendGraph:  EnterprisePak pak cache file ../../../Enterprise/DerivedDataCache/Compressed.ddp not found, will not use a pak cache.
[2020.11.05-16.53.45:183][  0]LogDerivedDataCache: Unable to find inner node EnterprisePak for hierarchical cache Hierarchy.
[2020.11.05-16.53.45:186][  0]LogDerivedDataCache: Using Local data cache path C:/Users/Raquel/AppData/Local/UnrealEngine/Common/DerivedDataCache: Writable
[2020.11.05-16.53.45:186][  0]LogDerivedDataCache: Shared data cache path not found in *engine.ini, will not use an Shared cache.
[2020.11.05-16.53.45:186][  0]LogDerivedDataCache: Unable to find inner node Shared for hierarchical cache Hierarchy.
[2020.11.05-16.53.45:271][  0]LogSlate: Using FreeType 2.10.0
[2020.11.05-16.53.45:274][  0]LogSlate: SlateFontServices - WITH_FREETYPE: 1, WITH_HARFBUZZ: 1
[2020.11.05-16.53.45:344][  0]LogAssetRegistry: FAssetRegistry took 0.0065 seconds to start up
[2020.11.05-16.53.46:071][  0]LogInit: Selected Device Profile: [Windows]
[2020.11.05-16.53.46:398][  0]LogMeshReduction: Using QuadricMeshReduction for automatic static mesh reduction
[2020.11.05-16.53.46:398][  0]LogMeshReduction: Using SimplygonMeshReduction for automatic skeletal mesh reduction
[2020.11.05-16.53.46:398][  0]LogMeshReduction: Using ProxyLODMeshReduction for automatic mesh merging
[2020.11.05-16.53.46:398][  0]LogMeshReduction: No distributed automatic mesh merging module available
[2020.11.05-16.53.46:399][  0]LogMeshMerging: No distributed automatic mesh merging module available
[2020.11.05-16.53.46:501][  0]LogNetVersion: GAME2020_Final 1.0.0, NetCL: 13144385, EngineNetVer: 14, GameNetVer: 0 (Checksum: 3070344347)
[2020.11.05-16.53.47:827][  0]LogAISub: UAISubsystem::UAISubsystem AISubsystem (0000024D56F029C0), frame # 0
[2020.11.05-16.53.47:827][  0]LogAISub: UAISubsystem::UAISubsystem AIPerceptionSystem (0000024D56D991C0), frame # 0
[2020.11.05-16.53.47:838][  0]LogAISub: UAISubsystem::UAISubsystem EnvQueryManager (0000024D56DD9C00), frame # 0
[2020.11.05-16.53.48:023][  0]LogPackageLocalizationCache: Processed 20 localized package path(s) for 1 prioritized culture(s) in 0.104906 seconds
[2020.11.05-16.53.48:033][  0]LogUObjectArray: 15917 objects as part of root set at end of initial load.
[2020.11.05-16.53.48:033][  0]LogUObjectAllocator: 3965568 out of 0 bytes used by permanent object pool.
[2020.11.05-16.53.48:033][  0]LogUObjectArray: CloseDisregardForGC: 0/0 objects in disregard for GC pool
[2020.11.05-16.53.49:287][  0]LogTcpMessaging: Initializing TcpMessaging bridge
[2020.11.05-16.53.49:294][  0]LogUdpMessaging: Initializing bridge on interface 0.0.0.0:0 to multicast group 230.0.0.1:6666.
[2020.11.05-16.53.49:409][  0]LogLinker: Warning: Failed to load '/Game/VehicleCPP/VehicleOverview': Can't find file.
[2020.11.05-16.53.49:411][  0]LogLinker: Warning: Failed to load '/Game/VehicleCPP/VehicleOverview': Can't find file.
[2020.11.05-16.53.49:411][  0]LogUObjectGlobals: Warning: Failed to find object 'Class /Game/VehicleCPP/VehicleOverview.VehicleOverview_C'
[2020.11.05-16.53.49:494][  0]SourceControl: Source control is disabled
[2020.11.05-16.53.49:496][  0]SourceControl: Source control is disabled
[2020.11.05-16.53.49:510][  0]SourceControl: Source control is disabled
[2020.11.05-16.53.49:520][  0]SourceControl: Source control is disabled
[2020.11.05-16.53.49:535][  0]SourceControl: Source control is disabled
[2020.11.05-16.53.50:359][  0]LogAndroidPermission: UAndroidPermissionCallbackProxy::GetInstance
[2020.11.05-16.53.50:392][  0]LogAudioCaptureCore: Display: No Audio Capture implementations found. Audio input will be silent.
[2020.11.05-16.53.50:392][  0]LogAudioCaptureCore: Display: No Audio Capture implementations found. Audio input will be silent.
[2020.11.05-16.53.50:487][  0]LogOcInput: OculusInput pre-init called
[2020.11.05-16.53.50:506][  0]LogWindows: Failed to load 'OVRPlugin.dll' (GetLastError=126)
[2020.11.05-16.53.50:506][  0]LogWindows: File 'OVRPlugin.dll' does not exist
[2020.11.05-16.53.50:837][  0]LogEngine: Initializing Engine...
[2020.11.05-16.53.50:849][  0]LogHMD: Failed to initialize OpenVR with code 110
[2020.11.05-16.53.50:850][  0]LogMagicLeap: Warning: VR disabled because ZI is not enabled.  To enable, in the editor, Edit -> Project Settings -> Plugins -> Magic Leap Plugin -> Enable Zero Iteration
[2020.11.05-16.53.50:856][  0]LogStats: UGameplayTagsManager::InitializeManager -  0.003 s
[2020.11.05-16.53.51:106][  0]LogInit: Initializing FReadOnlyCVARCache
[2020.11.05-16.53.51:216][  0]LogAIModule: Creating AISystem for world Untitled
[2020.11.05-16.53.51:216][  0]LogAISub: UAISubsystem::UAISubsystem EnvQueryManager (0000024D5ECB6200), frame # 0
[2020.11.05-16.53.51:217][  0]LogAISub: UAISubsystem::UAISubsystem AIPerceptionSystem (0000024D5ED04900), frame # 0
[2020.11.05-16.53.51:247][  0]LogAudioMixer: Display: Audio Mixer Platform Settings:
[2020.11.05-16.53.51:247][  0]LogAudioMixer: Display: 	Sample Rate:						  48000
[2020.11.05-16.53.51:247][  0]LogAudioMixer: Display: 	Callback Buffer Frame Size Requested: 1024
[2020.11.05-16.53.51:247][  0]LogAudioMixer: Display: 	Callback Buffer Frame Size To Use:	  1024
[2020.11.05-16.53.51:247][  0]LogAudioMixer: Display: 	Number of buffers to queue:			  2
[2020.11.05-16.53.51:247][  0]LogAudioMixer: Display: 	Max Channels (voices):				  32
[2020.11.05-16.53.51:247][  0]LogAudioMixer: Display: 	Number of Async Source Workers:		  0
[2020.11.05-16.53.51:247][  0]LogAudio: Display: AudioDevice MaxSources: 32
[2020.11.05-16.53.51:251][  0]LogAudio: Display: Using built-in audio occlusion.
[2020.11.05-16.53.51:251][  0]LogAudioMixer: Display: Initializing audio mixer.
[2020.11.05-16.53.51:279][  0]LogAudioMixer: Display: 0: FrontLeft
[2020.11.05-16.53.51:279][  0]LogAudioMixer: Display: 1: FrontRight
[2020.11.05-16.53.51:372][  0]LogAudioMixer: Display: Using Audio Device Speakers (Realtek(R) Audio)
[2020.11.05-16.53.51:374][  0]LogAudioMixer: Display: Initializing Sound Submixes...
[2020.11.05-16.53.51:381][  0]LogAudioMixer: Display: Creating Master Submix 'MasterSubmixDefault'
[2020.11.05-16.53.51:382][  0]LogAudioMixer: Display: Creating Master Submix 'MasterReverbSubmixDefault'
[2020.11.05-16.53.51:386][  0]LogAudioMixer: Display: Creating Master Submix 'MasterEQSubmixDefault'
[2020.11.05-16.53.51:398][  0]LogInit: FAudioDevice initialized.
[2020.11.05-16.53.51:402][  0]LogNetVersion: Set ProjectVersion to 1.0.0.0. Version Checksum will be recalculated on next use.
[2020.11.05-16.53.51:542][  0]LogDerivedDataCache: Saved boot cache 0.14s 91MB C:/Users/Raquel/AppData/Local/UnrealEngine/4.25/DerivedDataCache/Boot.ddc.
[2020.11.05-16.53.51:555][  0]LogInit: Texture streaming: Enabled
[2020.11.05-16.53.51:607][  0]LogEngineSessionManager: EngineSessionManager initialized
[2020.11.05-16.53.51:607][  0]LogEditorSessionSummary: Verbose: Initializing EditorSessionSummaryWriter for editor session tracking
[2020.11.05-16.53.51:611][  0]LogEditorSessionSummary: EditorSessionSummaryWriter initialized
[2020.11.05-16.53.51:758][  0]LogInit: Transaction tracking system initialized
[2020.11.05-16.53.51:819][  0]BlueprintLog: New page: Editor Load
[2020.11.05-16.53.52:063][  0]LocalizationService: Localization service is disabled
[2020.11.05-16.53.52:381][  0]LogCook: Display: Max memory allowance for cook 16384mb min free memory 0mb
[2020.11.05-16.53.52:381][  0]LogCook: Display: Mobile HDR setting 1
[2020.11.05-16.53.52:676][  0]LogFileCache: Scanning file cache for directory 'C:/Users/Raquel/Documents/GitHub/Sugar-Rush/GAME2020_Final/Content/' took 0.01s
[2020.11.05-16.53.53:025][  0]SourceControl: Source control is disabled
[2020.11.05-16.53.53:025][  0]LogUnrealEdMisc: Loading editor; pre map load, took 16.181
[2020.11.05-16.53.53:028][  0]Cmd: MAP LOAD FILE="../../../../../../Users/Raquel/Documents/GitHub/Sugar-Rush/GAME2020_Final/Content/StarterContent/Maps/Map1.umap" TEMPLATE=0 SHOWPROGRESS=1 FEATURELEVEL=3
[2020.11.05-16.53.53:032][  0]LightingResults: New page: Lighting Build
[2020.11.05-16.53.53:039][  0]LogWorld: UWorld::CleanupWorld for Untitled, bSessionEnded=true, bCleanupResources=true
[2020.11.05-16.53.53:040][  0]LogSlate: InvalidateAllWidgets triggered.  All widgets were invalidated
[2020.11.05-16.53.53:041][  0]MapCheck: New page: Map Check
[2020.11.05-16.53.53:041][  0]LightingResults: New page: Lighting Build
[2020.11.05-16.53.53:062][  0]LogAISub: UAISubsystem::~UAISubsystem EnvQueryManager (0000024D5ECB6200), frame # 0
[2020.11.05-16.53.53:062][  0]LogAISub: UAISubsystem::~UAISubsystem AIPerceptionSystem (0000024D5ED04900), frame # 0
[2020.11.05-16.53.53:064][  0]LogUObjectHash: Compacting FUObjectHashTables data took   1.22ms
[2020.11.05-16.53.54:408][  0]LogAIModule: Creating AISystem for world Map1
[2020.11.05-16.53.54:409][  0]LogAISub: UAISubsystem::UAISubsystem EnvQueryManager (0000024D47DD3E00), frame # 0
[2020.11.05-16.53.54:409][  0]LogAISub: UAISubsystem::UAISubsystem AIPerceptionSystem (0000024D4CF9A980), frame # 0
[2020.11.05-16.53.55:504][  0]LogEditorServer: Finished looking for orphan Actors (0.000 secs)
[2020.11.05-16.53.55:609][  0]LogUObjectHash: Compacting FUObjectHashTables data took   3.21ms
[2020.11.05-16.53.55:611][  0]Cmd: MAP CHECKDEP NOCLEARLOG
[2020.11.05-16.53.55:612][  0]MapCheck: Map check complete: 0 Error(s), 0 Warning(s), took 0.698ms to complete.
[2020.11.05-16.53.55:612][  0]LogFileHelpers: Loading map 'Map1' took 2.586
[2020.11.05-16.53.55:631][  0]LogUnrealEdMisc: Total Editor Startup Time, took 18.786
[2020.11.05-16.53.55:806][  0]LogSlate: Updating window title bar state: overlay mode, drag disabled, window buttons hidden, title bar hidden
[2020.11.05-16.53.55:814][  0]LogSlate: Updating window title bar state: overlay mode, drag disabled, window buttons hidden, title bar hidden
[2020.11.05-16.53.55:822][  0]LogSlate: Updating window title bar state: overlay mode, drag disabled, window buttons hidden, title bar hidden
[2020.11.05-16.53.55:830][  0]LogSlate: Updating window title bar state: overlay mode, drag disabled, window buttons hidden, title bar hidden
[2020.11.05-16.53.55:847][  0]LogCollectionManager: Loaded 0 collections in 0.003566 seconds
[2020.11.05-16.53.55:893][  0]LogFileCache: Scanning file cache for directory 'C:/Users/Raquel/Documents/GitHub/Sugar-Rush/GAME2020_Final/Saved/Collections/' took 0.00s
[2020.11.05-16.53.55:893][  0]LogFileCache: Scanning file cache for directory 'C:/Users/Raquel/Documents/GitHub/Sugar-Rush/GAME2020_Final/Content/Developers/Raquel/Collections/' took 0.00s
[2020.11.05-16.53.55:893][  0]LogFileCache: Scanning file cache for directory 'C:/Users/Raquel/Documents/GitHub/Sugar-Rush/GAME2020_Final/Content/Collections/' took 0.00s
[2020.11.05-16.53.55:893][  0]LogContentBrowser: Native class hierarchy populated in 0.0091 seconds. Added 3433 classes and 824 folders.
[2020.11.05-16.53.55:911][  0]LogContentBrowser: Native class hierarchy updated for 'WidgetCarousel' in 0.0003 seconds. Added 0 classes and 0 folders.
[2020.11.05-16.53.56:056][  0]LogContentBrowser: Native class hierarchy updated for 'AddContentDialog' in 0.0003 seconds. Added 0 classes and 0 folders.
[2020.11.05-16.53.56:060][  0]LogContentBrowser: Native class hierarchy updated for 'SceneOutliner' in 0.0002 seconds. Added 2 classes and 0 folders.
[2020.11.05-16.53.56:384][  0]LogSlate: Took 0.000777 seconds to synchronously load lazily loaded font '../../../Engine/Content/Slate/Fonts/Roboto-Regular.ttf' (155K)
[2020.11.05-16.53.56:387][  0]LogSlate: Took 0.000536 seconds to synchronously load lazily loaded font '../../../Engine/Content/Slate/Fonts/Roboto-Bold.ttf' (160K)
[2020.11.05-16.53.56:396][  0]LogSlate: Took 0.000801 seconds to synchronously load lazily loaded font '../../../Engine/Content/Editor/Slate/Fonts/FontAwesome.ttf' (139K)
[2020.11.05-16.53.56:551][  0]LogRenderer: Reallocating scene render targets to support 964x440 Format 10 NumSamples 1 (Frame:1).
[2020.11.05-16.53.56:782][  0]LogContentBrowser: Native class hierarchy updated for 'HierarchicalLODOutliner' in 0.0004 seconds. Added 0 classes and 0 folders.
[2020.11.05-16.53.56:782][  0]LogLoad: (Engine Initialization) Total time: 19.94 seconds
[2020.11.05-16.53.56:782][  0]LogLoad: (Engine Initialization) Total Blueprint compile time: 0.00 seconds
[2020.11.05-16.53.57:217][  0]LogContentStreaming: Texture pool size now 1000 MB
[2020.11.05-16.53.57:268][  0]LogSlate: Took 0.000690 seconds to synchronously load lazily loaded font '../../../Engine/Content/Slate/Fonts/Roboto-Light.ttf' (167K)
[2020.11.05-16.53.57:299][  1]LogAssetRegistry: Asset discovery search completed in 11.9566 seconds
[2020.11.05-16.53.57:309][  1]LogCollectionManager: Fixed up redirectors for 0 collections in 0.000255 seconds (updated 0 objects)
[2020.11.05-16.53.59:092][ 94]LogTemp: Repeating last play command: Selected Viewport
[2020.11.05-16.53.59:111][ 94]LogPlayLevel: PlayLevel: No blueprints needed recompiling
[2020.11.05-16.53.59:115][ 94]PIE: New page: PIE session: Map1 (Nov. 5, 2020, 6:53:59 a.m.)
[2020.11.05-16.53.59:118][ 94]LogOnline: OSS: Creating online subsystem instance for: NULL
[2020.11.05-16.53.59:121][ 94]LogOnline: OSS: TryLoadSubsystemAndSetDefault: Loaded subsystem for module [NULL]
[2020.11.05-16.53.59:121][ 94]LogPlayLevel: Creating play world package: /Game/StarterContent/Maps/UEDPIE_0_Map1
[2020.11.05-16.53.59:221][ 94]LogPlayLevel: PIE: StaticDuplicateObject took: (0.100306s)
[2020.11.05-16.53.59:223][ 94]LogAIModule: Creating AISystem for world Map1
[2020.11.05-16.53.59:223][ 94]LogAISub: UAISubsystem::UAISubsystem EnvQueryManager (0000024D0273E200), frame # 94
[2020.11.05-16.53.59:223][ 94]LogAISub: UAISubsystem::UAISubsystem AIPerceptionSystem (0000024D4DBCFD80), frame # 94
[2020.11.05-16.53.59:223][ 94]LogPlayLevel: PIE: World Init took: (0.001328s)
[2020.11.05-16.53.59:223][ 94]LogPlayLevel: PIE: Created PIE world by copying editor world from /Game/StarterContent/Maps/Map1.Map1 to /Game/StarterContent/Maps/UEDPIE_0_Map1.Map1 (0.101927s)
[2020.11.05-16.53.59:232][ 94]LogUObjectHash: Compacting FUObjectHashTables data took   0.62ms
[2020.11.05-16.53.59:237][ 94]LogAudioMixer: Display: Audio Mixer Platform Settings:
[2020.11.05-16.53.59:237][ 94]LogAudioMixer: Display: 	Sample Rate:						  48000
[2020.11.05-16.53.59:237][ 94]LogAudioMixer: Display: 	Callback Buffer Frame Size Requested: 1024
[2020.11.05-16.53.59:237][ 94]LogAudioMixer: Display: 	Callback Buffer Frame Size To Use:	  1024
[2020.11.05-16.53.59:237][ 94]LogAudioMixer: Display: 	Number of buffers to queue:			  2
[2020.11.05-16.53.59:237][ 94]LogAudioMixer: Display: 	Max Channels (voices):				  32
[2020.11.05-16.53.59:237][ 94]LogAudioMixer: Display: 	Number of Async Source Workers:		  0
[2020.11.05-16.53.59:237][ 94]LogAudio: Display: AudioDevice MaxSources: 32
[2020.11.05-16.53.59:238][ 94]LogAudio: Display: Using built-in audio occlusion.
[2020.11.05-16.53.59:238][ 94]LogAudioMixer: Display: Initializing audio mixer.
[2020.11.05-16.53.59:241][ 94]LogAudioMixer: Display: 0: FrontLeft
[2020.11.05-16.53.59:241][ 94]LogAudioMixer: Display: 1: FrontRight
[2020.11.05-16.53.59:258][ 94]LogAudioMixer: Display: Using Audio Device Speakers (Realtek(R) Audio)
[2020.11.05-16.53.59:258][ 94]LogAudioMixer: Display: Initializing Sound Submixes...
[2020.11.05-16.53.59:258][ 94]LogAudioMixer: Display: Creating Master Submix 'MasterSubmixDefault'
[2020.11.05-16.53.59:258][ 94]LogAudioMixer: Display: Creating Master Submix 'MasterReverbSubmixDefault'
[2020.11.05-16.53.59:258][ 94]LogAudioMixer: Display: Creating Master Submix 'MasterEQSubmixDefault'
[2020.11.05-16.53.59:272][ 94]LogInit: FAudioDevice initialized.
[2020.11.05-16.53.59:278][ 94]LogLoad: Game class is 'VehicleGameMode_C'
[2020.11.05-16.53.59:297][ 94]LogWorld: Bringing World /Game/StarterContent/Maps/UEDPIE_0_Map1.Map1 up for play (max tick rate 60) at 2020.11.05-11.53.59
[2020.11.05-16.53.59:298][ 94]LogWorld: Bringing up level for play took: 0.018229
[2020.11.05-16.53.59:298][ 94]LogOnline: OSS: Creating online subsystem instance for: :Context_1
[2020.11.05-16.53.59:303][ 94]LogContentBrowser: Native class hierarchy updated for 'MovieSceneCapture' in 0.0003 seconds. Added 20 classes and 0 folders.
[2020.11.05-16.53.59:308][ 94]PIE: Server logged in
[2020.11.05-16.53.59:309][ 94]PIE: Play in editor total start time 0.199 seconds.
[2020.11.05-16.54.39:478][335]LogSlate: Updating window title bar state: overlay mode, drag disabled, window buttons hidden, title bar hidden
[2020.11.05-16.54.39:478][335]LogWorld: BeginTearingDown for /Game/StarterContent/Maps/UEDPIE_0_Map1
[2020.11.05-16.54.39:484][335]LogWorld: UWorld::CleanupWorld for Map1, bSessionEnded=true, bCleanupResources=true
[2020.11.05-16.54.39:489][335]LogSlate: InvalidateAllWidgets triggered.  All widgets were invalidated
[2020.11.05-16.54.39:500][335]LogPlayLevel: Display: Shutting down PIE online subsystems
[2020.11.05-16.54.39:504][335]LogSlate: InvalidateAllWidgets triggered.  All widgets were invalidated
[2020.11.05-16.54.39:545][335]LogSlate: Updating window title bar state: overlay mode, drag disabled, window buttons hidden, title bar hidden
[2020.11.05-16.54.39:582][335]LogAISub: UAISubsystem::~UAISubsystem EnvQueryManager (0000024D0273E200), frame # 2335
[2020.11.05-16.54.39:582][335]LogAISub: UAISubsystem::~UAISubsystem AIPerceptionSystem (0000024D4DBCFD80), frame # 2335
[2020.11.05-16.54.39:586][335]LogUObjectHash: Compacting FUObjectHashTables data took   0.84ms
[2020.11.05-16.54.39:636][336]LogPlayLevel: Display: Destroying online subsystem :Context_1
[2020.11.05-16.54.41:597][453]Cmd: SELECT NONE
[2020.11.05-16.54.42:549][508]LogTemp: Repeating last play command: Selected Viewport
[2020.11.05-16.54.42:570][508]LogPlayLevel: PlayLevel: No blueprints needed recompiling
[2020.11.05-16.54.42:571][508]PIE: New page: PIE session: Map1 (Nov. 5, 2020, 6:54:42 a.m.)
[2020.11.05-16.54.42:571][508]LogPlayLevel: Creating play world package: /Game/StarterContent/Maps/UEDPIE_0_Map1
[2020.11.05-16.54.42:670][508]LogPlayLevel: PIE: StaticDuplicateObject took: (0.099281s)
[2020.11.05-16.54.42:671][508]LogAIModule: Creating AISystem for world Map1
[2020.11.05-16.54.42:671][508]LogAISub: UAISubsystem::UAISubsystem EnvQueryManager (0000024D88C72800), frame # 2508
[2020.11.05-16.54.42:672][508]LogAISub: UAISubsystem::UAISubsystem AIPerceptionSystem (0000024D502C7240), frame # 2508
[2020.11.05-16.54.42:672][508]LogPlayLevel: PIE: World Init took: (0.001781s)
[2020.11.05-16.54.42:672][508]LogPlayLevel: PIE: Created PIE world by copying editor world from /Game/StarterContent/Maps/Map1.Map1 to /Game/StarterContent/Maps/UEDPIE_0_Map1.Map1 (0.101276s)
[2020.11.05-16.54.42:682][508]LogUObjectHash: Compacting FUObjectHashTables data took   0.66ms
[2020.11.05-16.54.42:684][508]LogAudioMixer: Display: Audio Mixer Platform Settings:
[2020.11.05-16.54.42:684][508]LogAudioMixer: Display: 	Sample Rate:						  48000
[2020.11.05-16.54.42:684][508]LogAudioMixer: Display: 	Callback Buffer Frame Size Requested: 1024
[2020.11.05-16.54.42:684][508]LogAudioMixer: Display: 	Callback Buffer Frame Size To Use:	  1024
[2020.11.05-16.54.42:684][508]LogAudioMixer: Display: 	Number of buffers to queue:			  2
[2020.11.05-16.54.42:684][508]LogAudioMixer: Display: 	Max Channels (voices):				  32
[2020.11.05-16.54.42:684][508]LogAudioMixer: Display: 	Number of Async Source Workers:		  0
[2020.11.05-16.54.42:684][508]LogAudio: Display: AudioDevice MaxSources: 32
[2020.11.05-16.54.42:684][508]LogAudio: Display: Using built-in audio occlusion.
[2020.11.05-16.54.42:684][508]LogAudioMixer: Display: Initializing audio mixer.
[2020.11.05-16.54.42:688][508]LogAudioMixer: Display: 0: FrontLeft
[2020.11.05-16.54.42:688][508]LogAudioMixer: Display: 1: FrontRight
[2020.11.05-16.54.42:704][508]LogAudioMixer: Display: Using Audio Device Speakers (Realtek(R) Audio)
[2020.11.05-16.54.42:704][508]LogAudioMixer: Display: Initializing Sound Submixes...
[2020.11.05-16.54.42:704][508]LogAudioMixer: Display: Creating Master Submix 'MasterSubmixDefault'
[2020.11.05-16.54.42:704][508]LogAudioMixer: Display: Creating Master Submix 'MasterReverbSubmixDefault'
[2020.11.05-16.54.42:704][508]LogAudioMixer: Display: Creating Master Submix 'MasterEQSubmixDefault'
[2020.11.05-16.54.42:705][508]LogInit: FAudioDevice initialized.
[2020.11.05-16.54.42:722][508]LogLoad: Game class is 'VehicleGameMode_C'
[2020.11.05-16.54.42:742][508]LogWorld: Bringing World /Game/StarterContent/Maps/UEDPIE_0_Map1.Map1 up for play (max tick rate 60) at 2020.11.05-11.54.42
[2020.11.05-16.54.42:742][508]LogWorld: Bringing up level for play took: 0.019277
[2020.11.05-16.54.42:743][508]LogOnline: OSS: Creating online subsystem instance for: :Context_2
[2020.11.05-16.54.42:749][508]PIE: Server logged in
[2020.11.05-16.54.42:750][508]PIE: Play in editor total start time 0.18 seconds.
[2020.11.05-16.54.42:979][518]LogSlate: Updating window title bar state: overlay mode, drag disabled, window buttons hidden, title bar hidden
[2020.11.05-16.54.42:979][518]LogWorld: BeginTearingDown for /Game/StarterContent/Maps/UEDPIE_0_Map1
[2020.11.05-16.54.42:979][518]LogWorld: UWorld::CleanupWorld for Map1, bSessionEnded=true, bCleanupResources=true
[2020.11.05-16.54.42:984][518]LogSlate: InvalidateAllWidgets triggered.  All widgets were invalidated
[2020.11.05-16.54.42:996][518]LogPlayLevel: Display: Shutting down PIE online subsystems
[2020.11.05-16.54.43:000][518]LogSlate: InvalidateAllWidgets triggered.  All widgets were invalidated
[2020.11.05-16.54.43:013][518]LogSlate: Updating window title bar state: overlay mode, drag disabled, window buttons hidden, title bar hidden
[2020.11.05-16.54.43:033][518]LogAISub: UAISubsystem::~UAISubsystem AIPerceptionSystem (0000024D502C7240), frame # 2518
[2020.11.05-16.54.43:033][518]LogAISub: UAISubsystem::~UAISubsystem EnvQueryManager (0000024D88C72800), frame # 2518
[2020.11.05-16.54.43:036][518]LogUObjectHash: Compacting FUObjectHashTables data took   0.81ms
[2020.11.05-16.54.43:065][519]LogPlayLevel: Display: Destroying online subsystem :Context_2
[2020.11.05-17.04.28:859][434]LogSlate: Took 0.000335 seconds to synchronously load lazily loaded font '../../../Engine/Content/Slate/Fonts/Roboto-Light.ttf' (167K)
[2020.11.05-17.45.06:714][313]LogTemp: Repeating last play command: Selected Viewport
[2020.11.05-17.45.06:744][313]LogPlayLevel: PlayLevel: No blueprints needed recompiling
[2020.11.05-17.45.06:747][313]PIE: New page: PIE session: Map1 (Nov. 5, 2020, 7:45:06 a.m.)
[2020.11.05-17.45.06:748][313]LogPlayLevel: Creating play world package: /Game/StarterContent/Maps/UEDPIE_0_Map1
[2020.11.05-17.45.06:911][313]LogPlayLevel: PIE: StaticDuplicateObject took: (0.161434s)
[2020.11.05-17.45.06:918][313]LogAIModule: Creating AISystem for world Map1
[2020.11.05-17.45.06:920][313]LogAISub: UAISubsystem::UAISubsystem EnvQueryManager (0000024D0273F600), frame # 36313
[2020.11.05-17.45.06:920][313]LogAISub: UAISubsystem::UAISubsystem AIPerceptionSystem (0000024D026D1300), frame # 36313
[2020.11.05-17.45.06:923][313]LogPlayLevel: PIE: World Init took: (0.012080s)
[2020.11.05-17.45.06:923][313]LogPlayLevel: PIE: Created PIE world by copying editor world from /Game/StarterContent/Maps/Map1.Map1 to /Game/StarterContent/Maps/UEDPIE_0_Map1.Map1 (0.174228s)
[2020.11.05-17.45.06:948][313]LogUObjectHash: Compacting FUObjectHashTables data took   3.59ms
[2020.11.05-17.45.06:970][313]LogAudioMixer: Display: Audio Mixer Platform Settings:
[2020.11.05-17.45.06:970][313]LogAudioMixer: Display: 	Sample Rate:						  48000
[2020.11.05-17.45.06:970][313]LogAudioMixer: Display: 	Callback Buffer Frame Size Requested: 1024
[2020.11.05-17.45.06:970][313]LogAudioMixer: Display: 	Callback Buffer Frame Size To Use:	  1024
[2020.11.05-17.45.06:970][313]LogAudioMixer: Display: 	Number of buffers to queue:			  2
[2020.11.05-17.45.06:970][313]LogAudioMixer: Display: 	Max Channels (voices):				  32
[2020.11.05-17.45.06:970][313]LogAudioMixer: Display: 	Number of Async Source Workers:		  0
[2020.11.05-17.45.06:970][313]LogAudio: Display: AudioDevice MaxSources: 32
[2020.11.05-17.45.06:971][313]LogAudio: Display: Using built-in audio occlusion.
[2020.11.05-17.45.06:971][313]LogAudioMixer: Display: Initializing audio mixer.
[2020.11.05-17.45.06:976][313]LogAudioMixer: Display: 0: FrontLeft
[2020.11.05-17.45.06:976][313]LogAudioMixer: Display: 1: FrontRight
[2020.11.05-17.45.06:992][313]LogAudioMixer: Display: Using Audio Device Speakers (Realtek(R) Audio)
[2020.11.05-17.45.06:994][313]LogAudioMixer: Display: Initializing Sound Submixes...
[2020.11.05-17.45.06:994][313]LogAudioMixer: Display: Creating Master Submix 'MasterSubmixDefault'
[2020.11.05-17.45.06:994][313]LogAudioMixer: Display: Creating Master Submix 'MasterReverbSubmixDefault'
[2020.11.05-17.45.06:997][313]LogAudioMixer: Display: Creating Master Submix 'MasterEQSubmixDefault'
[2020.11.05-17.45.07:007][313]LogInit: FAudioDevice initialized.
[2020.11.05-17.45.07:028][313]LogLoad: Game class is 'VehicleGameMode_C'
[2020.11.05-17.45.07:057][313]LogWorld: Bringing World /Game/StarterContent/Maps/UEDPIE_0_Map1.Map1 up for play (max tick rate 0) at 2020.11.05-12.45.07
[2020.11.05-17.45.07:058][313]LogWorld: Bringing up level for play took: 0.027240
[2020.11.05-17.45.07:059][313]LogOnline: OSS: Creating online subsystem instance for: :Context_3
[2020.11.05-17.45.07:082][313]PIE: Server logged in
[2020.11.05-17.45.07:083][313]PIE: Play in editor total start time 0.341 seconds.
[2020.11.05-17.45.24:242][131]LogSlate: Updating window title bar state: overlay mode, drag disabled, window buttons hidden, title bar hidden
[2020.11.05-17.45.24:242][131]LogWorld: BeginTearingDown for /Game/StarterContent/Maps/UEDPIE_0_Map1
[2020.11.05-17.45.24:243][131]LogWorld: UWorld::CleanupWorld for Map1, bSessionEnded=true, bCleanupResources=true
[2020.11.05-17.45.24:246][131]LogSlate: InvalidateAllWidgets triggered.  All widgets were invalidated
[2020.11.05-17.45.24:252][131]LogPlayLevel: Display: Shutting down PIE online subsystems
[2020.11.05-17.45.24:254][131]LogSlate: InvalidateAllWidgets triggered.  All widgets were invalidated
[2020.11.05-17.45.24:265][131]LogSlate: Updating window title bar state: overlay mode, drag disabled, window buttons hidden, title bar hidden
[2020.11.05-17.45.24:285][131]LogAISub: UAISubsystem::~UAISubsystem AIPerceptionSystem (0000024D026D1300), frame # 38131
[2020.11.05-17.45.24:285][131]LogAISub: UAISubsystem::~UAISubsystem EnvQueryManager (0000024D0273F600), frame # 38131
[2020.11.05-17.45.24:288][131]LogUObjectHash: Compacting FUObjectHashTables data took   0.68ms
[2020.11.05-17.45.24:323][132]LogPlayLevel: Display: Destroying online subsystem :Context_3
[2020.11.05-17.45.26:748][259]LogTemp: Repeating last play command: Selected Viewport
[2020.11.05-17.45.26:763][259]LogPlayLevel: PlayLevel: No blueprints needed recompiling
[2020.11.05-17.45.26:764][259]PIE: New page: PIE session: Map1 (Nov. 5, 2020, 7:45:26 a.m.)
[2020.11.05-17.45.26:764][259]LogPlayLevel: Creating play world package: /Game/StarterContent/Maps/UEDPIE_0_Map1
[2020.11.05-17.45.26:848][259]LogPlayLevel: PIE: StaticDuplicateObject took: (0.084305s)
[2020.11.05-17.45.26:849][259]LogAIModule: Creating AISystem for world Map1
[2020.11.05-17.45.26:849][259]LogAISub: UAISubsystem::UAISubsystem EnvQueryManager (0000024D02F2EC00), frame # 38259
[2020.11.05-17.45.26:849][259]LogAISub: UAISubsystem::UAISubsystem AIPerceptionSystem (0000024D69833880), frame # 38259
[2020.11.05-17.45.26:849][259]LogPlayLevel: PIE: World Init took: (0.001091s)
[2020.11.05-17.45.26:849][259]LogPlayLevel: PIE: Created PIE world by copying editor world from /Game/StarterContent/Maps/Map1.Map1 to /Game/StarterContent/Maps/UEDPIE_0_Map1.Map1 (0.085568s)
[2020.11.05-17.45.26:858][259]LogUObjectHash: Compacting FUObjectHashTables data took   0.61ms
[2020.11.05-17.45.26:860][259]LogAudioMixer: Display: Audio Mixer Platform Settings:
[2020.11.05-17.45.26:860][259]LogAudioMixer: Display: 	Sample Rate:						  48000
[2020.11.05-17.45.26:860][259]LogAudioMixer: Display: 	Callback Buffer Frame Size Requested: 1024
[2020.11.05-17.45.26:860][259]LogAudioMixer: Display: 	Callback Buffer Frame Size To Use:	  1024
[2020.11.05-17.45.26:860][259]LogAudioMixer: Display: 	Number of buffers to queue:			  2
[2020.11.05-17.45.26:860][259]LogAudioMixer: Display: 	Max Channels (voices):				  32
[2020.11.05-17.45.26:860][259]LogAudioMixer: Display: 	Number of Async Source Workers:		  0
[2020.11.05-17.45.26:860][259]LogAudio: Display: AudioDevice MaxSources: 32
[2020.11.05-17.45.26:861][259]LogAudio: Display: Using built-in audio occlusion.
[2020.11.05-17.45.26:861][259]LogAudioMixer: Display: Initializing audio mixer.
[2020.11.05-17.45.26:863][259]LogAudioMixer: Display: 0: FrontLeft
[2020.11.05-17.45.26:863][259]LogAudioMixer: Display: 1: FrontRight
[2020.11.05-17.45.26:877][259]LogAudioMixer: Display: Using Audio Device Speakers (Realtek(R) Audio)
[2020.11.05-17.45.26:877][259]LogAudioMixer: Display: Initializing Sound Submixes...
[2020.11.05-17.45.26:877][259]LogAudioMixer: Display: Creating Master Submix 'MasterSubmixDefault'
[2020.11.05-17.45.26:877][259]LogAudioMixer: Display: Creating Master Submix 'MasterReverbSubmixDefault'
[2020.11.05-17.45.26:877][259]LogAudioMixer: Display: Creating Master Submix 'MasterEQSubmixDefault'
[2020.11.05-17.45.26:889][259]LogInit: FAudioDevice initialized.
[2020.11.05-17.45.26:895][259]LogLoad: Game class is 'VehicleGameMode_C'
[2020.11.05-17.45.26:910][259]LogWorld: Bringing World /Game/StarterContent/Maps/UEDPIE_0_Map1.Map1 up for play (max tick rate 0) at 2020.11.05-12.45.26
[2020.11.05-17.45.26:911][259]LogWorld: Bringing up level for play took: 0.014612
[2020.11.05-17.45.26:911][259]LogOnline: OSS: Creating online subsystem instance for: :Context_4
[2020.11.05-17.45.26:914][259]PIE: Server logged in
[2020.11.05-17.45.26:915][259]PIE: Play in editor total start time 0.152 seconds.
[2020.11.05-17.45.27:102][271]LogSlate: Updating window title bar state: overlay mode, drag disabled, window buttons hidden, title bar hidden
[2020.11.05-17.45.27:102][271]LogWorld: BeginTearingDown for /Game/StarterContent/Maps/UEDPIE_0_Map1
[2020.11.05-17.45.27:103][271]LogWorld: UWorld::CleanupWorld for Map1, bSessionEnded=true, bCleanupResources=true
[2020.11.05-17.45.27:106][271]LogSlate: InvalidateAllWidgets triggered.  All widgets were invalidated
[2020.11.05-17.45.27:113][271]LogPlayLevel: Display: Shutting down PIE online subsystems
[2020.11.05-17.45.27:115][271]LogSlate: InvalidateAllWidgets triggered.  All widgets were invalidated
[2020.11.05-17.45.27:127][271]LogSlate: Updating window title bar state: overlay mode, drag disabled, window buttons hidden, title bar hidden
[2020.11.05-17.45.27:143][271]LogAISub: UAISubsystem::~UAISubsystem AIPerceptionSystem (0000024D69833880), frame # 38271
[2020.11.05-17.45.27:143][271]LogAISub: UAISubsystem::~UAISubsystem EnvQueryManager (0000024D02F2EC00), frame # 38271
[2020.11.05-17.45.27:145][271]LogUObjectHash: Compacting FUObjectHashTables data took   0.73ms
[2020.11.05-17.45.27:180][272]LogPlayLevel: Display: Destroying online subsystem :Context_4
[2020.11.05-17.53.30:472][483]LogSlate: Window 'Project Settings' being destroyed
[2020.11.05-17.53.30:476][483]LogSlate: Window 'Project Settings' being destroyed
[2020.11.05-17.53.43:591][604]LogSlate: WidgetSwitcher ('None') active index changed to -1
[2020.11.05-17.53.43:592][604]LogSlate: WidgetSwitcher ('None') active index changed to 0
[2020.11.05-17.53.43:670][604]LogSlate: Took 0.015055 seconds to synchronously load lazily loaded font '../../../Engine/Content/Slate/Fonts/Roboto-BoldCondensed.ttf' (158K)
[2020.11.05-17.54.04:187][765]LogSlate: WidgetSwitcher ('None') active index changed to 1
[2020.11.05-17.54.18:076][994]Running C:/Program Files/Epic Games/UE_4.25/Engine/Binaries/DotNET/UnrealBuildTool.exe  -projectfiles -project="C:/Users/Raquel/Documents/GitHub/Sugar-Rush/GAME2020_Final/GAME2020_Final.uproject" -game -rocket -progress
[2020.11.05-17.54.18:583][994]Discovering modules, targets and source code for project...
[2020.11.05-17.54.22:308][994]Binding IntelliSense data...
[2020.11.05-17.54.31:589][994]Binding IntelliSense data... 100%
[2020.11.05-17.54.31:589][994]Writing project files...
[2020.11.05-17.54.38:139][994]Writing project files... 100%
[2020.11.05-17.54.38:240][994]LogHotReload: Recompiling module GAME2020_Final...
[2020.11.05-17.54.38:251][994]LogVSAccessor: Warning: Couldn't access Visual Studio
[2020.11.05-17.54.38:279][994]Candidate modules for hot reload:
[2020.11.05-17.54.38:279][994]  GAME2020_Final
[2020.11.05-17.54.38:280][994]Launching UnrealBuildTool... [C:/Program Files/Epic Games/UE_4.25/Engine/Binaries/DotNET/UnrealBuildTool.exe  -ModuleWithSuffix=GAME2020_Final,1595 GAME2020_FinalEditor Win64 Development -Project="C:/Users/Raquel/Documents/GitHub/Sugar-Rush/GAME2020_Final/GAME2020_Final.uproject" "C:/Users/Raquel/Documents/GitHub/Sugar-Rush/GAME2020_Final/GAME2020_Final.uproject"  -IgnoreJunk]
[2020.11.05-17.55.58:194][994]Using 'git status' to determine working set for adaptive non-unity build (C:\Users\Raquel\Documents\GitHub\Sugar-Rush).
Creating makefile for GAME2020_FinalEditor (no existing makefile)
Parsing headers for GAME2020_FinalEditor
  Running UnrealHeaderTool "C:\Users\Raquel\Documents\GitHub\Sugar-Rush\GAME2020_Final\GAME2020_Final.uproject" "C:\Users\Raquel\Documents\GitHub\Sugar-Rush\GAME2020_Final\Intermediate\Build\Win64\GAME2020_FinalEditor\Development\GAME2020_FinalEditor.uhtmanifest" -LogCmds="loginit warning, logexit warning, logdatabase error" -Unattended -WarningsAsErrors -abslog="C:\Users\Raquel\AppData\Local\UnrealBuildTool\Log_UHT.txt" -installed
Reflection code generated for GAME2020_FinalEditor in 9.3536764 seconds
Building GAME2020_FinalEditor...
Using Visual Studio 2019 14.26.28806 toolchain (C:\Program Files (x86)\Microsoft Visual Studio\2019\Community\VC\Tools\MSVC\14.26.28801) and Windows 10.0.18362.0 SDK (C:\Program Files (x86)\Windows Kits\10).
Building 9 actions with 8 processes...
  [1/9] Default.rc2
  [2/9] SharedPCH.Engine.ShadowErrors.cpp
  [3/9] GAME2020_Final.cpp
  [4/9] GAME2020_Final.init.gen.cpp
  [5/9] FPSProjectile.cpp
  [6/9] FPSProjectile.gen.cpp
  [7/9] UE4Editor-GAME2020_Final-1595.lib
     Creating library C:\Users\Raquel\Documents\GitHub\Sugar-Rush\GAME2020_Final\Intermediate\Build\Win64\UE4Editor\Development\GAME2020_Final\UE4Editor-GAME2020_Final-1595.lib and object C:\Users\Raquel\Documents\GitHub\Sugar-Rush\GAME2020_Final\Intermediate\Build\Win64\UE4Editor\Development\GAME2020_Final\UE4Editor-GAME2020_Final-1595.exp
  [8/9] UE4Editor-GAME2020_Final-1595.dll
     Creating library C:\Users\Raquel\Documents\GitHub\Sugar-Rush\GAME2020_Final\Intermediate\Build\Win64\UE4Editor\Development\GAME2020_Final\UE4Editor-GAME2020_Final-1595.suppressed.lib and object C:\Users\Raquel\Documents\GitHub\Sugar-Rush\GAME2020_Final\Intermediate\Build\Win64\UE4Editor\Development\GAME2020_Final\UE4Editor-GAME2020_Final-1595.suppressed.exp
  [9/9] GAME2020_FinalEditor.target
Total time in Parallel executor: 43.68 seconds
Total execution time: 79.78 seconds

[2020.11.05-17.55.58:199][994]CompilerResultsLog: New page: Compilation - Nov. 5, 2020, 7:55:58 a.m.
[2020.11.05-17.55.58:202][994]CompilerResultsLog: Using 'git status' to determine working set for adaptive non-unity build (C:\Users\Raquel\Documents\GitHub\Sugar-Rush).
[2020.11.05-17.55.58:203][994]CompilerResultsLog: Creating makefile for GAME2020_FinalEditor (no existing makefile)
[2020.11.05-17.55.58:203][994]CompilerResultsLog: Parsing headers for GAME2020_FinalEditor
[2020.11.05-17.55.58:203][994]CompilerResultsLog:   Running UnrealHeaderTool "C:\Users\Raquel\Documents\GitHub\Sugar-Rush\GAME2020_Final\GAME2020_Final.uproject" "C:\Users\Raquel\Documents\GitHub\Sugar-Rush\GAME2020_Final\Intermediate\Build\Win64\GAME2020_FinalEditor\Development\GAME2020_FinalEditor.uhtmanifest" -LogCmds="loginit warning, logexit warning, logdatabase error" -Unattended -WarningsAsErrors -abslog="C:\Users\Raquel\AppData\Local\UnrealBuildTool\Log_UHT.txt" -installed
[2020.11.05-17.55.58:203][994]CompilerResultsLog: Reflection code generated for GAME2020_FinalEditor in 9.3536764 seconds
[2020.11.05-17.55.58:203][994]CompilerResultsLog: Building GAME2020_FinalEditor...
[2020.11.05-17.55.58:203][994]CompilerResultsLog: Using Visual Studio 2019 14.26.28806 toolchain (C:\Program Files (x86)\Microsoft Visual Studio\2019\Community\VC\Tools\MSVC\14.26.28801) and Windows 10.0.18362.0 SDK (C:\Program Files (x86)\Windows Kits\10).
[2020.11.05-17.55.58:203][994]CompilerResultsLog: Building 9 actions with 8 processes...
[2020.11.05-17.55.58:203][994]CompilerResultsLog:   [1/9] Default.rc2
[2020.11.05-17.55.58:203][994]CompilerResultsLog:   [2/9] SharedPCH.Engine.ShadowErrors.cpp
[2020.11.05-17.55.58:203][994]CompilerResultsLog:   [3/9] GAME2020_Final.cpp
[2020.11.05-17.55.58:203][994]CompilerResultsLog:   [4/9] GAME2020_Final.init.gen.cpp
[2020.11.05-17.55.58:203][994]CompilerResultsLog:   [5/9] FPSProjectile.cpp
[2020.11.05-17.55.58:203][994]CompilerResultsLog:   [6/9] FPSProjectile.gen.cpp
[2020.11.05-17.55.58:203][994]CompilerResultsLog:   [7/9] UE4Editor-GAME2020_Final-1595.lib
[2020.11.05-17.55.58:203][994]CompilerResultsLog:      Creating library C:\Users\Raquel\Documents\GitHub\Sugar-Rush\GAME2020_Final\Intermediate\Build\Win64\UE4Editor\Development\GAME2020_Final\UE4Editor-GAME2020_Final-1595.lib and object C:\Users\Raquel\Documents\GitHub\Sugar-Rush\GAME2020_Final\Intermediate\Build\Win64\UE4Editor\Development\GAME2020_Final\UE4Editor-GAME2020_Final-1595.exp
[2020.11.05-17.55.58:204][994]CompilerResultsLog:   [8/9] UE4Editor-GAME2020_Final-1595.dll
[2020.11.05-17.55.58:204][994]CompilerResultsLog:      Creating library C:\Users\Raquel\Documents\GitHub\Sugar-Rush\GAME2020_Final\Intermediate\Build\Win64\UE4Editor\Development\GAME2020_Final\UE4Editor-GAME2020_Final-1595.suppressed.lib and object C:\Users\Raquel\Documents\GitHub\Sugar-Rush\GAME2020_Final\Intermediate\Build\Win64\UE4Editor\Development\GAME2020_Final\UE4Editor-GAME2020_Final-1595.suppressed.exp
[2020.11.05-17.55.58:204][994]CompilerResultsLog:   [9/9] GAME2020_FinalEditor.target
[2020.11.05-17.55.58:204][994]CompilerResultsLog: Total time in Parallel executor: 43.68 seconds
[2020.11.05-17.55.58:204][994]CompilerResultsLog: Total execution time: 79.78 seconds
[2020.11.05-17.55.58:205][994]LogMainFrame: MainFrame: Module compiling took 79.953 seconds
[2020.11.05-17.55.58:216][994]Reloading module GAME2020_Final after successful compile.
[2020.11.05-17.55.58:385][994]LogClass: Could not find existing package /Script/GAME2020_Final for HotReload of class FPSProjectile, assuming a new package.
[2020.11.05-17.55.58:409][994]LogContentBrowser: Native class hierarchy updated for 'GAME2020_Final' in 0.0108 seconds. Added 1 classes and 2 folders.
[2020.11.05-17.55.58:474][994]LogUObjectHash: Compacting FUObjectHashTables data took   6.00ms
[2020.11.05-17.55.58:602][994]LogContentBrowser: Native class hierarchy populated in 0.0746 seconds. Added 3434 classes and 826 folders.
[2020.11.05-17.55.58:989][994]LogSlate: Window 'Add C++ Class' being destroyed
[2020.11.05-19.48.59:351][819]LogHttp: Warning: 0000024D50993900: request has been successfully processed. URL: https://datarouter.ol.epicgames.com/datarouter/api/v1/public/data?SessionID=%7B52DC315C-48C4-C97B-B56A-36AFE962CE94%7D&AppID=UEEditor.Rocket.Release&AppVersion=4.25.4-14469661%2B%2B%2BUE4%2BRelease-4.25&UserID=3c6c184f432846c5c842328b40579f53%7C5058352943ec4bb5b022fe48e68df1c9%7Cba515a2b-f4de-4947-8c01-3c78db60e1e1&AppEnvironment=datacollector-source&UploadType=eteventstream, HTTP code: 502, content length: 122, actual payload size: 122, elapsed: 0.04s
[2020.11.05-19.48.59:360][819]LogHttp: Warning: 0000024D50993900 Response Header Server: awselb/2.0
[2020.11.05-19.48.59:360][819]LogHttp: Warning: 0000024D50993900 Response Header Date: Thu, 05 Nov 2020 19:48:59 GMT
[2020.11.05-19.48.59:360][819]LogHttp: Warning: 0000024D50993900 Response Header Content-Type: text/html
[2020.11.05-19.48.59:360][819]LogHttp: Warning: 0000024D50993900 Response Header Content-Length: 122
[2020.11.05-19.48.59:360][819]LogHttp: Warning: 0000024D50993900 Response Header Connection: keep-alive
